e:\projetos\temp\novo crfsuite\crfsuite-openmp-master\crfsuite-openmp-master\lib\crf\release\crf.pdb
e:\projetos\temp\novo crfsuite\crfsuite-openmp-master\crfsuite-openmp-master\lib\crf\release\train_passive_aggressive.obj
e:\projetos\temp\novo crfsuite\crfsuite-openmp-master\crfsuite-openmp-master\lib\crf\release\train_lbfgs.obj
e:\projetos\temp\novo crfsuite\crfsuite-openmp-master\crfsuite-openmp-master\lib\crf\release\train_l2sgd.obj
e:\projetos\temp\novo crfsuite\crfsuite-openmp-master\crfsuite-openmp-master\lib\crf\release\train_averaged_perceptron.obj
e:\projetos\temp\novo crfsuite\crfsuite-openmp-master\crfsuite-openmp-master\lib\crf\release\train_arow.obj
e:\projetos\temp\novo crfsuite\crfsuite-openmp-master\crfsuite-openmp-master\lib\crf\release\crf1d_tag.obj
e:\projetos\temp\novo crfsuite\crfsuite-openmp-master\crfsuite-openmp-master\lib\crf\release\crf1d_model.obj
e:\projetos\temp\novo crfsuite\crfsuite-openmp-master\crfsuite-openmp-master\lib\crf\release\crf1d_feature.obj
e:\projetos\temp\novo crfsuite\crfsuite-openmp-master\crfsuite-openmp-master\lib\crf\release\crf1d_context.obj
e:\projetos\temp\novo crfsuite\crfsuite-openmp-master\crfsuite-openmp-master\lib\crf\release\rumavl.obj
e:\projetos\temp\novo crfsuite\crfsuite-openmp-master\crfsuite-openmp-master\lib\crf\release\quark.obj
e:\projetos\temp\novo crfsuite\crfsuite-openmp-master\crfsuite-openmp-master\lib\crf\release\params.obj
e:\projetos\temp\novo crfsuite\crfsuite-openmp-master\crfsuite-openmp-master\lib\crf\release\logging.obj
e:\projetos\temp\novo crfsuite\crfsuite-openmp-master\crfsuite-openmp-master\lib\crf\release\lbfgs.obj
e:\projetos\temp\novo crfsuite\crfsuite-openmp-master\crfsuite-openmp-master\lib\crf\release\holdout.obj
e:\projetos\temp\novo crfsuite\crfsuite-openmp-master\crfsuite-openmp-master\lib\crf\release\dictionary.obj
e:\projetos\temp\novo crfsuite\crfsuite-openmp-master\crfsuite-openmp-master\lib\crf\release\dataset.obj
e:\projetos\temp\novo crfsuite\crfsuite-openmp-master\crfsuite-openmp-master\lib\crf\release\crfsuite_train.obj
e:\projetos\temp\novo crfsuite\crfsuite-openmp-master\crfsuite-openmp-master\lib\crf\release\crfsuite.obj
e:\projetos\temp\novo crfsuite\crfsuite-openmp-master\crfsuite-openmp-master\lib\crf\release\crf1d_encode.obj
e:\projetos\temp\novo crfsuite\crfsuite-openmp-master\crfsuite-openmp-master\lib\crf\release\crf.tlog\cl.command.1.tlog
e:\projetos\temp\novo crfsuite\crfsuite-openmp-master\crfsuite-openmp-master\lib\crf\release\crf.tlog\cl.read.1.tlog
e:\projetos\temp\novo crfsuite\crfsuite-openmp-master\crfsuite-openmp-master\lib\crf\release\crf.tlog\cl.write.1.tlog
e:\projetos\temp\novo crfsuite\crfsuite-openmp-master\crfsuite-openmp-master\lib\crf\release\crf.tlog\lib-link.read.1.tlog
e:\projetos\temp\novo crfsuite\crfsuite-openmp-master\crfsuite-openmp-master\lib\crf\release\crf.tlog\lib-link.write.1.tlog
e:\projetos\temp\novo crfsuite\crfsuite-openmp-master\crfsuite-openmp-master\lib\crf\release\crf.tlog\lib.command.1.tlog
