2018-09-09 17:20:27,815 spam.ham        CRITICAL worker 2   Message no. 1
2018-09-09 17:20:27,819 spam.ham        ERROR    worker 4   Message no. 1
2018-09-09 17:20:27,824 foo.bar         CRITICAL worker 7   Message no. 1
2018-09-09 17:20:27,827 spam            CRITICAL worker 8   Message no. 1
2018-09-09 17:20:27,845 spam            ERROR    worker 2   Message no. 2
2018-09-09 17:20:27,879 foo.bar.baz     CRITICAL worker 3   Message no. 2
2018-09-09 17:20:27,910 spam.ham        ERROR    worker 7   Message no. 2
2018-09-09 17:20:27,944 spam            CRITICAL worker 6   Message no. 2
2018-09-09 17:20:28,003 foo             ERROR    worker 1   Message no. 4
2018-09-09 17:20:28,068 spam.ham        CRITICAL worker 8   Message no. 4
2018-09-09 17:20:28,083 spam.ham        CRITICAL worker 5   Message no. 5
2018-09-09 17:20:28,099 spam.ham        CRITICAL worker 2   Message no. 6
2018-09-09 17:20:28,109 spam.ham.eggs   ERROR    worker 2   Message no. 7
2018-09-09 17:20:28,140 spam.ham.eggs   ERROR    worker 5   Message no. 6
2018-09-09 17:20:28,158 foo             ERROR    worker 4   Message no. 5
2018-09-09 17:20:28,175 foo             ERROR    worker 2   Message no. 8
2018-09-09 17:20:28,184 foo.bar         CRITICAL worker 7   Message no. 6
2018-09-09 17:20:28,229 foo             ERROR    worker 2   Message no. 9
2018-09-09 17:20:28,254 foo.bar         CRITICAL worker 6   Message no. 7
2018-09-09 17:20:28,284 foo.bar.baz     ERROR    worker 1   Message no. 8
2018-09-09 17:20:28,289 spam.ham        ERROR    worker 8   Message no. 8
2018-09-09 17:20:28,300 foo             ERROR    worker 3   Message no. 9
2018-09-09 17:20:28,398 spam.ham        CRITICAL worker 6   Message no. 9
2018-09-09 17:20:28,402 spam.ham.eggs   CRITICAL worker 7   Message no. 10
2018-09-09 17:20:28,473 spam.ham        ERROR    worker 4   Message no. 10
