2018-09-09 17:20:27,814 spam.ham        WARNING  worker 1   Message no. 1
2018-09-09 17:20:27,815 spam.ham        CRITICAL worker 2   Message no. 1
2018-09-09 17:20:27,817 spam.ham        INFO     worker 3   Message no. 1
2018-09-09 17:20:27,819 spam.ham        ERROR    worker 4   Message no. 1
2018-09-09 17:20:27,821 foo.bar.baz     DEBUG    worker 5   Message no. 1
2018-09-09 17:20:27,823 foo.bar         INFO     worker 6   Message no. 1
2018-09-09 17:20:27,824 foo.bar         CRITICAL worker 7   Message no. 1
2018-09-09 17:20:27,827 spam            CRITICAL worker 8   Message no. 1
2018-09-09 17:20:27,845 spam            ERROR    worker 2   Message no. 2
2018-09-09 17:20:27,859 spam            WARNING  worker 2   Message no. 3
2018-09-09 17:20:27,864 foo.bar.baz     DEBUG    worker 2   Message no. 4
2018-09-09 17:20:27,873 foo             INFO     worker 1   Message no. 2
2018-09-09 17:20:27,879 foo.bar.baz     CRITICAL worker 3   Message no. 2
2018-09-09 17:20:27,888 foo             WARNING  worker 5   Message no. 2
2018-09-09 17:20:27,910 spam.ham        ERROR    worker 7   Message no. 2
2018-09-09 17:20:27,916 foo.bar         DEBUG    worker 4   Message no. 2
2018-09-09 17:20:27,944 spam            CRITICAL worker 6   Message no. 2
2018-09-09 17:20:27,951 foo             DEBUG    worker 8   Message no. 2
2018-09-09 17:20:27,954 foo             INFO     worker 4   Message no. 3
2018-09-09 17:20:27,955 foo.bar.baz     INFO     worker 1   Message no. 3
2018-09-09 17:20:27,961 foo.bar         DEBUG    worker 7   Message no. 3
2018-09-09 17:20:27,980 spam.ham        DEBUG    worker 2   Message no. 5
2018-09-09 17:20:27,998 spam.ham        WARNING  worker 5   Message no. 3
2018-09-09 17:20:28,003 foo.bar         WARNING  worker 3   Message no. 3
2018-09-09 17:20:28,003 foo             ERROR    worker 1   Message no. 4
2018-09-09 17:20:28,020 foo.bar.baz     WARNING  worker 1   Message no. 5
2018-09-09 17:20:28,021 foo.bar.baz     DEBUG    worker 6   Message no. 3
2018-09-09 17:20:28,063 foo             INFO     worker 5   Message no. 4
2018-09-09 17:20:28,063 foo.bar         WARNING  worker 8   Message no. 3
2018-09-09 17:20:28,068 spam.ham        CRITICAL worker 8   Message no. 4
2018-09-09 17:20:28,068 foo.bar         DEBUG    worker 7   Message no. 4
2018-09-09 17:20:28,071 spam            WARNING  worker 4   Message no. 4
2018-09-09 17:20:28,083 spam.ham        CRITICAL worker 5   Message no. 5
2018-09-09 17:20:28,090 spam.ham        DEBUG    worker 1   Message no. 6
2018-09-09 17:20:28,093 foo.bar.baz     INFO     worker 6   Message no. 4
2018-09-09 17:20:28,099 spam.ham        CRITICAL worker 2   Message no. 6
2018-09-09 17:20:28,109 spam.ham.eggs   ERROR    worker 2   Message no. 7
2018-09-09 17:20:28,109 spam            INFO     worker 6   Message no. 5
2018-09-09 17:20:28,118 spam.ham        INFO     worker 8   Message no. 5
2018-09-09 17:20:28,124 spam.ham        INFO     worker 3   Message no. 4
2018-09-09 17:20:28,135 spam.ham        DEBUG    worker 7   Message no. 5
2018-09-09 17:20:28,140 spam.ham.eggs   ERROR    worker 5   Message no. 6
2018-09-09 17:20:28,149 foo.bar         INFO     worker 5   Message no. 7
2018-09-09 17:20:28,157 spam.ham.eggs   DEBUG    worker 3   Message no. 5
2018-09-09 17:20:28,158 foo             ERROR    worker 4   Message no. 5
2018-09-09 17:20:28,162 spam            INFO     worker 8   Message no. 6
2018-09-09 17:20:28,171 spam.ham        WARNING  worker 1   Message no. 7
2018-09-09 17:20:28,175 foo             ERROR    worker 2   Message no. 8
2018-09-09 17:20:28,177 spam.ham.eggs   DEBUG    worker 3   Message no. 6
2018-09-09 17:20:28,184 foo.bar         CRITICAL worker 7   Message no. 6
2018-09-09 17:20:28,191 spam.ham.eggs   DEBUG    worker 5   Message no. 8
2018-09-09 17:20:28,197 foo.bar         INFO     worker 6   Message no. 6
2018-09-09 17:20:28,202 spam.ham        DEBUG    worker 5   Message no. 9
2018-09-09 17:20:28,208 spam            INFO     worker 7   Message no. 7
2018-09-09 17:20:28,211 spam.ham.eggs   INFO     worker 5   Message no. 10
2018-09-09 17:20:28,218 spam.ham.eggs   WARNING  worker 8   Message no. 7
2018-09-09 17:20:28,223 foo.bar         WARNING  worker 7   Message no. 8
2018-09-09 17:20:28,229 foo             ERROR    worker 2   Message no. 9
2018-09-09 17:20:28,237 foo.bar.baz     INFO     worker 3   Message no. 7
2018-09-09 17:20:28,243 foo.bar         DEBUG    worker 4   Message no. 6
2018-09-09 17:20:28,254 foo.bar         CRITICAL worker 6   Message no. 7
2018-09-09 17:20:28,264 spam.ham.eggs   INFO     worker 3   Message no. 8
2018-09-09 17:20:28,284 foo.bar.baz     ERROR    worker 1   Message no. 8
2018-09-09 17:20:28,284 foo             INFO     worker 6   Message no. 8
2018-09-09 17:20:28,289 spam.ham        ERROR    worker 8   Message no. 8
2018-09-09 17:20:28,300 foo             ERROR    worker 3   Message no. 9
2018-09-09 17:20:28,306 spam            INFO     worker 7   Message no. 9
2018-09-09 17:20:28,319 foo             WARNING  worker 2   Message no. 10
2018-09-09 17:20:28,324 foo             DEBUG    worker 8   Message no. 9
2018-09-09 17:20:28,339 spam            INFO     worker 1   Message no. 9
2018-09-09 17:20:28,340 foo             INFO     worker 4   Message no. 7
2018-09-09 17:20:28,345 foo.bar.baz     DEBUG    worker 4   Message no. 8
2018-09-09 17:20:28,359 foo.bar.baz     INFO     worker 1   Message no. 10
2018-09-09 17:20:28,364 spam.ham.eggs   DEBUG    worker 4   Message no. 9
2018-09-09 17:20:28,398 spam.ham        CRITICAL worker 6   Message no. 9
2018-09-09 17:20:28,402 spam.ham.eggs   CRITICAL worker 7   Message no. 10
2018-09-09 17:20:28,414 spam.ham.eggs   INFO     worker 3   Message no. 10
2018-09-09 17:20:28,441 foo.bar         INFO     worker 8   Message no. 10
2018-09-09 17:20:28,456 spam.ham.eggs   WARNING  worker 6   Message no. 10
2018-09-09 17:20:28,473 spam.ham        ERROR    worker 4   Message no. 10
