This is pdfTeX, Version 3.14159265-2.6-1.40.19 (MiKTeX 2.9.6745 64-bit) (preloaded format=pdflatex 2018.7.19)  5 OCT 2018 11:09
entering extended mode
**"./Gramophone User Guide.tex"
("Gramophone User Guide.tex"
LaTeX2e <2018-04-01> patch level 5
("C:\Program Files\MiKTeX 2.9\tex\latex\base\article.cls"
Document Class: article 2014/09/29 v1.4h Standard LaTeX document class
("C:\Program Files\MiKTeX 2.9\tex\latex\base\size11.clo"
File: size11.clo 2014/09/29 v1.4h Standard LaTeX file (size option)
)
\c@part=\count80
\c@section=\count81
\c@subsection=\count82
\c@subsubsection=\count83
\c@paragraph=\count84
\c@subparagraph=\count85
\c@figure=\count86
\c@table=\count87
\abovecaptionskip=\skip41
\belowcaptionskip=\skip42
\bibindent=\dimen102
)
("C:\Program Files\MiKTeX 2.9\tex\latex\geometry\geometry.sty"
Package: geometry 2018/04/16 v5.8 Page Geometry

("C:\Program Files\MiKTeX 2.9\tex\latex\graphics\keyval.sty"
Package: keyval 2014/10/28 v1.15 key=value parser (DPC)
\KV@toks@=\toks14
)
("C:\Program Files\MiKTeX 2.9\tex\generic\oberdiek\ifpdf.sty"
Package: ifpdf 2017/03/15 v3.2 Provides the ifpdf switch
)
("C:\Program Files\MiKTeX 2.9\tex\generic\oberdiek\ifvtex.sty"
Package: ifvtex 2016/05/16 v1.6 Detect VTeX and its facilities (HO)
Package ifvtex Info: VTeX not detected.
)
("C:\Program Files\MiKTeX 2.9\tex\generic\ifxetex\ifxetex.sty"
Package: ifxetex 2010/09/12 v0.6 Provides ifxetex conditional
)
\Gm@cnth=\count88
\Gm@cntv=\count89
\c@Gm@tempcnt=\count90
\Gm@bindingoffset=\dimen103
\Gm@wd@mp=\dimen104
\Gm@odd@mp=\dimen105
\Gm@even@mp=\dimen106
\Gm@layoutwidth=\dimen107
\Gm@layoutheight=\dimen108
\Gm@layouthoffset=\dimen109
\Gm@layoutvoffset=\dimen110
\Gm@dimlist=\toks15

("C:\Program Files\MiKTeX 2.9\tex\latex\geometry\geometry.cfg"))
("C:\Program Files\MiKTeX 2.9\tex\latex\titling\titling.sty"
Package: titling 2009/09/04 v2.1d maketitle typesetting
\thanksmarkwidth=\skip43
\thanksmargin=\skip44
\droptitle=\skip45
)
(C:\Users\horvath.gergely\AppData\Roaming\MiKTeX\2.9\tex\latex\titlesec\titlese
c.sty
Package: titlesec 2016/03/21 v2.10.2 Sectioning titles
\ttl@box=\box26
\beforetitleunit=\skip46
\aftertitleunit=\skip47
\ttl@plus=\dimen111
\ttl@minus=\dimen112
\ttl@toksa=\toks16
\titlewidth=\dimen113
\titlewidthlast=\dimen114
\titlewidthfirst=\dimen115
)
(C:\Users\horvath.gergely\AppData\Roaming\MiKTeX\2.9\tex\latex\titlesec\titleto
c.sty
Package: titletoc 2011/12/15 v1.6 TOC entries
\ttl@leftsep=\dimen116
) ("C:\Program Files\MiKTeX 2.9\tex\latex\hyperref\hyperref.sty"
Package: hyperref 2018/02/06 v6.86b Hypertext links for LaTeX

("C:\Program Files\MiKTeX 2.9\tex\generic\oberdiek\hobsub-hyperref.sty"
Package: hobsub-hyperref 2016/05/16 v1.14 Bundle oberdiek, subset hyperref (HO)


("C:\Program Files\MiKTeX 2.9\tex\generic\oberdiek\hobsub-generic.sty"
Package: hobsub-generic 2016/05/16 v1.14 Bundle oberdiek, subset generic (HO)
Package: hobsub 2016/05/16 v1.14 Construct package bundles (HO)
Package: infwarerr 2016/05/16 v1.4 Providing info/warning/error messages (HO)
Package: ltxcmds 2016/05/16 v1.23 LaTeX kernel commands for general use (HO)
Package: ifluatex 2016/05/16 v1.4 Provides the ifluatex switch (HO)
Package ifluatex Info: LuaTeX not detected.
Package hobsub Info: Skipping package `ifvtex' (already loaded).
Package: intcalc 2016/05/16 v1.2 Expandable calculations with integers (HO)
Package hobsub Info: Skipping package `ifpdf' (already loaded).
Package: etexcmds 2016/05/16 v1.6 Avoid name clashes with e-TeX commands (HO)
Package etexcmds Info: Could not find \expanded.
(etexcmds)             That can mean that you are not using pdfTeX 1.50 or
(etexcmds)             that some package has redefined \expanded.
(etexcmds)             In the latter case, load this package earlier.
Package: kvsetkeys 2016/05/16 v1.17 Key value parser (HO)
Package: kvdefinekeys 2016/05/16 v1.4 Define keys (HO)
Package: pdftexcmds 2018/01/30 v0.27 Utility functions of pdfTeX for LuaTeX (HO
)
Package pdftexcmds Info: LuaTeX not detected.
Package pdftexcmds Info: \pdf@primitive is available.
Package pdftexcmds Info: \pdf@ifprimitive is available.
Package pdftexcmds Info: \pdfdraftmode found.
Package: pdfescape 2016/05/16 v1.14 Implements pdfTeX's escape features (HO)
Package: bigintcalc 2016/05/16 v1.4 Expandable calculations on big integers (HO
)
Package: bitset 2016/05/16 v1.2 Handle bit-vector datatype (HO)
Package: uniquecounter 2016/05/16 v1.3 Provide unlimited unique counter (HO)
)
Package hobsub Info: Skipping package `hobsub' (already loaded).
Package: letltxmacro 2016/05/16 v1.5 Let assignment for LaTeX macros (HO)
Package: hopatch 2016/05/16 v1.3 Wrapper for package hooks (HO)
Package: xcolor-patch 2016/05/16 xcolor patch
Package: atveryend 2016/05/16 v1.9 Hooks at the very end of document (HO)
Package atveryend Info: \enddocument detected (standard20110627).
Package: atbegshi 2016/06/09 v1.18 At begin shipout hook (HO)
Package: refcount 2016/05/16 v3.5 Data extraction from label references (HO)
Package: hycolor 2016/05/16 v1.8 Color options for hyperref/bookmark (HO)
)
("C:\Program Files\MiKTeX 2.9\tex\latex\oberdiek\auxhook.sty"
Package: auxhook 2016/05/16 v1.4 Hooks for auxiliary files (HO)
)
("C:\Program Files\MiKTeX 2.9\tex\latex\oberdiek\kvoptions.sty"
Package: kvoptions 2016/05/16 v3.12 Key value format for package options (HO)
)
\@linkdim=\dimen117
\Hy@linkcounter=\count91
\Hy@pagecounter=\count92

("C:\Program Files\MiKTeX 2.9\tex\latex\hyperref\pd1enc.def"
File: pd1enc.def 2018/02/06 v6.86b Hyperref: PDFDocEncoding definition (HO)
Now handling font encoding PD1 ...
... no UTF-8 mapping file for font encoding PD1
)
\Hy@SavedSpaceFactor=\count93

("C:\Program Files\MiKTeX 2.9\tex\latex\00miktex\hyperref.cfg"
File: hyperref.cfg 2002/06/06 v1.2 hyperref configuration of TeXLive
)
Package hyperref Info: Hyper figures OFF on input line 4509.
Package hyperref Info: Link nesting OFF on input line 4514.
Package hyperref Info: Hyper index ON on input line 4517.
Package hyperref Info: Plain pages OFF on input line 4524.
Package hyperref Info: Backreferencing OFF on input line 4529.
Package hyperref Info: Implicit mode ON; LaTeX internals redefined.
Package hyperref Info: Bookmarks ON on input line 4762.
\c@Hy@tempcnt=\count94

(C:\Users\horvath.gergely\AppData\Roaming\MiKTeX\2.9\tex\latex\url\url.sty
\Urlmuskip=\muskip10
Package: url 2013/09/16  ver 3.4  Verb mode for urls, etc.
)
LaTeX Info: Redefining \url on input line 5115.
\XeTeXLinkMargin=\dimen118
\Fld@menulength=\count95
\Field@Width=\dimen119
\Fld@charsize=\dimen120
Package hyperref Info: Hyper figures OFF on input line 6369.
Package hyperref Info: Link nesting OFF on input line 6374.
Package hyperref Info: Hyper index ON on input line 6377.
Package hyperref Info: backreferencing OFF on input line 6384.
Package hyperref Info: Link coloring OFF on input line 6389.
Package hyperref Info: Link coloring with OCG OFF on input line 6394.
Package hyperref Info: PDF/A mode OFF on input line 6399.
LaTeX Info: Redefining \ref on input line 6439.
LaTeX Info: Redefining \pageref on input line 6443.
\Hy@abspage=\count96
\c@Item=\count97
\c@Hfootnote=\count98
)
Package hyperref Info: Driver (autodetected): hpdftex.

("C:\Program Files\MiKTeX 2.9\tex\latex\hyperref\hpdftex.def"
File: hpdftex.def 2018/02/06 v6.86b Hyperref driver for pdfTeX
\Fld@listcount=\count99
\c@bookmark@seq@number=\count100

("C:\Program Files\MiKTeX 2.9\tex\latex\oberdiek\rerunfilecheck.sty"
Package: rerunfilecheck 2016/05/16 v1.8 Rerun checks for auxiliary files (HO)
Package uniquecounter Info: New unique counter `rerunfilecheck' on input line 2
82.
)
\Hy@SectionHShift=\skip48
)
("C:\Program Files\MiKTeX 2.9\tex\latex\float\float.sty"
Package: float 2001/11/08 v1.3d Float enhancements (AL)
\c@float@type=\count101
\float@exts=\toks17
\float@box=\box27
\@float@everytoks=\toks18
\@floatcapt=\box28
)
("C:\Program Files\MiKTeX 2.9\tex\latex\graphics\graphicx.sty"
Package: graphicx 2017/06/01 v1.1a Enhanced LaTeX Graphics (DPC,SPQR)

("C:\Program Files\MiKTeX 2.9\tex\latex\graphics\graphics.sty"
Package: graphics 2017/06/25 v1.2c Standard LaTeX Graphics (DPC,SPQR)

("C:\Program Files\MiKTeX 2.9\tex\latex\graphics\trig.sty"
Package: trig 2016/01/03 v1.10 sin cos tan (DPC)
)
("C:\Program Files\MiKTeX 2.9\tex\latex\graphics-cfg\graphics.cfg"
File: graphics.cfg 2016/06/04 v1.11 sample graphics configuration
)
Package graphics Info: Driver file: pdftex.def on input line 99.

("C:\Program Files\MiKTeX 2.9\tex\latex\graphics-def\pdftex.def"
File: pdftex.def 2018/01/08 v1.0l Graphics/color driver for pdftex
))
\Gin@req@height=\dimen121
\Gin@req@width=\dimen122
)
(C:\Users\horvath.gergely\AppData\Roaming\MiKTeX\2.9\tex\latex\caption\caption.
sty
Package: caption 2018/05/01 v3.3-147 Customizing captions (AR)

(C:\Users\horvath.gergely\AppData\Roaming\MiKTeX\2.9\tex\latex\caption\caption3
.sty
Package: caption3 2018/05/27 v1.8a caption3 kernel (AR)
Package caption3 Info: TeX engine: e-TeX on input line 64.
\captionmargin=\dimen123
\captionmargin@=\dimen124
\captionwidth=\dimen125
\caption@tempdima=\dimen126
\caption@indent=\dimen127
\caption@parindent=\dimen128
\caption@hangindent=\dimen129
)
\c@ContinuedFloat=\count102
Package caption Info: float package is loaded.
Package caption Info: hyperref package is loaded.
)
(C:\Users\horvath.gergely\AppData\Roaming\MiKTeX\2.9\tex\latex\was\gensymb.sty
Package: gensymb 2003/07/02 v1.0 (WaS)
) ("C:\Program Files\MiKTeX 2.9\tex\latex\tools\tabularx.sty"
Package: tabularx 2016/02/03 v2.11b `tabularx' package (DPC)

("C:\Program Files\MiKTeX 2.9\tex\latex\tools\array.sty"
Package: array 2018/04/30 v2.4h Tabular extension package (FMi)
\col@sep=\dimen130
\ar@mcellbox=\box29
\extrarowheight=\dimen131
\NC@list=\toks19
\extratabsurround=\skip49
\backup@length=\skip50
\ar@cellbox=\box30
)
\TX@col@width=\dimen132
\TX@old@table=\dimen133
\TX@old@col=\dimen134
\TX@target=\dimen135
\TX@delta=\dimen136
\TX@cols=\count103
\TX@ftn=\toks20
)
(C:\Users\horvath.gergely\AppData\Roaming\MiKTeX\2.9\tex\latex\listings\listing
s.sty
\lst@mode=\count104
\lst@gtempboxa=\box31
\lst@token=\toks21
\lst@length=\count105
\lst@currlwidth=\dimen137
\lst@column=\count106
\lst@pos=\count107
\lst@lostspace=\dimen138
\lst@width=\dimen139
\lst@newlines=\count108
\lst@lineno=\count109
\lst@maxwidth=\dimen140

(C:\Users\horvath.gergely\AppData\Roaming\MiKTeX\2.9\tex\latex\listings\lstmisc
.sty
File: lstmisc.sty 2015/06/04 1.6 (Carsten Heinz)
\c@lstnumber=\count110
\lst@skipnumbers=\count111
\lst@framebox=\box32
)
(C:\Users\horvath.gergely\AppData\Roaming\MiKTeX\2.9\tex\latex\listings\listing
s.cfg
File: listings.cfg 2015/06/04 1.6 listings configuration
))
Package: listings 2015/06/04 1.6 (Carsten Heinz)
 ("C:\Program Files\MiKTeX 2.9\tex\latex\graphics\color.sty"
Package: color 2016/07/10 v1.1e Standard LaTeX Color (DPC)

("C:\Program Files\MiKTeX 2.9\tex\latex\graphics-cfg\color.cfg"
File: color.cfg 2016/01/02 v1.6 sample color configuration
)
Package color Info: Driver file: pdftex.def on input line 147.

("C:\Program Files\MiKTeX 2.9\tex\latex\graphics\dvipsnam.def"
File: dvipsnam.def 2016/06/17 v3.0m Driver-dependent file (DPC,SPQR)
))
(C:\Users\horvath.gergely\AppData\Roaming\MiKTeX\2.9\tex\latex\wallpaper\wallpa
per.sty
Package: wallpaper 2005/01/18, v1.01 easy wallpaper formatting (MHFW)
 ("C:\Program Files\MiKTeX 2.9\tex\latex\base\ifthen.sty"
Package: ifthen 2014/09/29 v1.1c Standard LaTeX ifthen package (DPC)
)
("C:\Program Files\MiKTeX 2.9\tex\latex\tools\calc.sty"
Package: calc 2017/05/25 v4.3 Infix arithmetic (KKT,FJ)
\calc@Acount=\count112
\calc@Bcount=\count113
\calc@Adimen=\dimen141
\calc@Bdimen=\dimen142
\calc@Askip=\skip51
\calc@Bskip=\skip52
LaTeX Info: Redefining \setlength on input line 80.
LaTeX Info: Redefining \addtolength on input line 81.
\calc@Ccount=\count114
\calc@Cskip=\skip53
)
(C:\Users\horvath.gergely\AppData\Roaming\MiKTeX\2.9\tex\latex\eso-pic\eso-pic.
sty
Package: eso-pic 2018/04/12 v2.0h eso-pic (RN)
)
\wpXoffset=\skip54
\wpYoffset=\skip55
\tileXoffset=\skip56
\tileYoffset=\skip57
\tilewidth=\skip58
\tileheight=\skip59
\tileX=\skip60
\tileY=\skip61
)
(C:\Users\horvath.gergely\AppData\Roaming\MiKTeX\2.9\tex\latex\setspace\setspac
e.sty
Package: setspace 2011/12/19 v6.7a set line spacing
)
(C:\Users\horvath.gergely\AppData\Roaming\MiKTeX\2.9\tex\latex\enumitem\enumite
m.sty
Package: enumitem 2011/09/28 v3.5.2 Customized lists
\labelindent=\skip62
\enit@outerparindent=\dimen143
\enit@toks=\toks22
\enit@inbox=\box33
\enitdp@description=\count115
)
(C:\Users\horvath.gergely\AppData\Roaming\MiKTeX\2.9\tex\latex\anyfontsize\anyf
ontsize.sty
Package: anyfontsize 2007/11/22 anyfontsize.sty by pts
)
(C:\Users\horvath.gergely\AppData\Roaming\MiKTeX\2.9\tex\latex\pgf\frontendlaye
r\tikz.sty
(C:\Users\horvath.gergely\AppData\Roaming\MiKTeX\2.9\tex\latex\pgf\basiclayer\p
gf.sty
(C:\Users\horvath.gergely\AppData\Roaming\MiKTeX\2.9\tex\latex\pgf\utilities\pg
frcs.sty
(C:\Users\horvath.gergely\AppData\Roaming\MiKTeX\2.9\tex\generic\pgf\utilities\
pgfutil-common.tex
\pgfutil@everybye=\toks23
\pgfutil@tempdima=\dimen144
\pgfutil@tempdimb=\dimen145

(C:\Users\horvath.gergely\AppData\Roaming\MiKTeX\2.9\tex\generic\pgf\utilities\
pgfutil-common-lists.tex))
(C:\Users\horvath.gergely\AppData\Roaming\MiKTeX\2.9\tex\generic\pgf\utilities\
pgfutil-latex.def
\pgfutil@abb=\box34

(C:\Users\horvath.gergely\AppData\Roaming\MiKTeX\2.9\tex\latex\ms\everyshi.sty
Package: everyshi 2001/05/15 v3.00 EveryShipout Package (MS)
))
(C:\Users\horvath.gergely\AppData\Roaming\MiKTeX\2.9\tex\generic\pgf\utilities\
pgfrcs.code.tex
Package: pgfrcs 2015/08/07 v3.0.1a (rcs-revision 1.31)
))
Package: pgf 2015/08/07 v3.0.1a (rcs-revision 1.15)

(C:\Users\horvath.gergely\AppData\Roaming\MiKTeX\2.9\tex\latex\pgf\basiclayer\p
gfcore.sty
(C:\Users\horvath.gergely\AppData\Roaming\MiKTeX\2.9\tex\latex\pgf\systemlayer\
pgfsys.sty
(C:\Users\horvath.gergely\AppData\Roaming\MiKTeX\2.9\tex\generic\pgf\systemlaye
r\pgfsys.code.tex
Package: pgfsys 2014/07/09 v3.0.1a (rcs-revision 1.48)

(C:\Users\horvath.gergely\AppData\Roaming\MiKTeX\2.9\tex\generic\pgf\utilities\
pgfkeys.code.tex
\pgfkeys@pathtoks=\toks24
\pgfkeys@temptoks=\toks25

(C:\Users\horvath.gergely\AppData\Roaming\MiKTeX\2.9\tex\generic\pgf\utilities\
pgfkeysfiltered.code.tex
\pgfkeys@tmptoks=\toks26
))
\pgf@x=\dimen146
\pgf@y=\dimen147
\pgf@xa=\dimen148
\pgf@ya=\dimen149
\pgf@xb=\dimen150
\pgf@yb=\dimen151
\pgf@xc=\dimen152
\pgf@yc=\dimen153
\w@pgf@writea=\write3
\r@pgf@reada=\read1
\c@pgf@counta=\count116
\c@pgf@countb=\count117
\c@pgf@countc=\count118
\c@pgf@countd=\count119
\t@pgf@toka=\toks27
\t@pgf@tokb=\toks28
\t@pgf@tokc=\toks29

(C:\Users\horvath.gergely\AppData\Roaming\MiKTeX\2.9\tex\generic\pgf\systemlaye
r\pgf.cfg
File: pgf.cfg 2008/05/14  (rcs-revision 1.7)
)
Driver file for pgf: pgfsys-pdftex.def

(C:\Users\horvath.gergely\AppData\Roaming\MiKTeX\2.9\tex\generic\pgf\systemlaye
r\pgfsys-pdftex.def
File: pgfsys-pdftex.def 2014/10/11  (rcs-revision 1.35)

(C:\Users\horvath.gergely\AppData\Roaming\MiKTeX\2.9\tex\generic\pgf\systemlaye
r\pgfsys-common-pdf.def
File: pgfsys-common-pdf.def 2013/10/10  (rcs-revision 1.13)
)))
(C:\Users\horvath.gergely\AppData\Roaming\MiKTeX\2.9\tex\generic\pgf\systemlaye
r\pgfsyssoftpath.code.tex
File: pgfsyssoftpath.code.tex 2013/09/09  (rcs-revision 1.9)
\pgfsyssoftpath@smallbuffer@items=\count120
\pgfsyssoftpath@bigbuffer@items=\count121
)
(C:\Users\horvath.gergely\AppData\Roaming\MiKTeX\2.9\tex\generic\pgf\systemlaye
r\pgfsysprotocol.code.tex
File: pgfsysprotocol.code.tex 2006/10/16  (rcs-revision 1.4)
))
(C:\Users\horvath.gergely\AppData\Roaming\MiKTeX\2.9\tex\latex\xcolor\xcolor.st
y
Package: xcolor 2016/05/11 v2.12 LaTeX color extensions (UK)
 ("C:\Program Files\MiKTeX 2.9\tex\latex\graphics-cfg\color.cfg"
File: color.cfg 2016/01/02 v1.6 sample color configuration
)
Package xcolor Info: Driver file: pdftex.def on input line 225.
LaTeX Info: Redefining \color on input line 709.
Package xcolor Info: Model `cmy' substituted by `cmy0' on input line 1348.
Package xcolor Info: Model `hsb' substituted by `rgb' on input line 1352.
Package xcolor Info: Model `RGB' extended on input line 1364.
Package xcolor Info: Model `HTML' substituted by `rgb' on input line 1366.
Package xcolor Info: Model `Hsb' substituted by `hsb' on input line 1367.
Package xcolor Info: Model `tHsb' substituted by `hsb' on input line 1368.
Package xcolor Info: Model `HSB' substituted by `hsb' on input line 1369.
Package xcolor Info: Model `Gray' substituted by `gray' on input line 1370.
Package xcolor Info: Model `wave' substituted by `hsb' on input line 1371.
)
(C:\Users\horvath.gergely\AppData\Roaming\MiKTeX\2.9\tex\generic\pgf\basiclayer
\pgfcore.code.tex
Package: pgfcore 2010/04/11 v3.0.1a (rcs-revision 1.7)

(C:\Users\horvath.gergely\AppData\Roaming\MiKTeX\2.9\tex\generic\pgf\math\pgfma
th.code.tex
(C:\Users\horvath.gergely\AppData\Roaming\MiKTeX\2.9\tex\generic\pgf\math\pgfma
thcalc.code.tex
(C:\Users\horvath.gergely\AppData\Roaming\MiKTeX\2.9\tex\generic\pgf\math\pgfma
thutil.code.tex)
(C:\Users\horvath.gergely\AppData\Roaming\MiKTeX\2.9\tex\generic\pgf\math\pgfma
thparser.code.tex
\pgfmath@dimen=\dimen154
\pgfmath@count=\count122
\pgfmath@box=\box35
\pgfmath@toks=\toks30
\pgfmath@stack@operand=\toks31
\pgfmath@stack@operation=\toks32
)
(C:\Users\horvath.gergely\AppData\Roaming\MiKTeX\2.9\tex\generic\pgf\math\pgfma
thfunctions.code.tex
(C:\Users\horvath.gergely\AppData\Roaming\MiKTeX\2.9\tex\generic\pgf\math\pgfma
thfunctions.basic.code.tex)
(C:\Users\horvath.gergely\AppData\Roaming\MiKTeX\2.9\tex\generic\pgf\math\pgfma
thfunctions.trigonometric.code.tex)
(C:\Users\horvath.gergely\AppData\Roaming\MiKTeX\2.9\tex\generic\pgf\math\pgfma
thfunctions.random.code.tex)
(C:\Users\horvath.gergely\AppData\Roaming\MiKTeX\2.9\tex\generic\pgf\math\pgfma
thfunctions.comparison.code.tex)
(C:\Users\horvath.gergely\AppData\Roaming\MiKTeX\2.9\tex\generic\pgf\math\pgfma
thfunctions.base.code.tex)
(C:\Users\horvath.gergely\AppData\Roaming\MiKTeX\2.9\tex\generic\pgf\math\pgfma
thfunctions.round.code.tex)
(C:\Users\horvath.gergely\AppData\Roaming\MiKTeX\2.9\tex\generic\pgf\math\pgfma
thfunctions.misc.code.tex)
(C:\Users\horvath.gergely\AppData\Roaming\MiKTeX\2.9\tex\generic\pgf\math\pgfma
thfunctions.integerarithmetics.code.tex)))
(C:\Users\horvath.gergely\AppData\Roaming\MiKTeX\2.9\tex\generic\pgf\math\pgfma
thfloat.code.tex
\c@pgfmathroundto@lastzeros=\count123
))
(C:\Users\horvath.gergely\AppData\Roaming\MiKTeX\2.9\tex\generic\pgf\basiclayer
\pgfcorepoints.code.tex
File: pgfcorepoints.code.tex 2013/10/07  (rcs-revision 1.27)
\pgf@picminx=\dimen155
\pgf@picmaxx=\dimen156
\pgf@picminy=\dimen157
\pgf@picmaxy=\dimen158
\pgf@pathminx=\dimen159
\pgf@pathmaxx=\dimen160
\pgf@pathminy=\dimen161
\pgf@pathmaxy=\dimen162
\pgf@xx=\dimen163
\pgf@xy=\dimen164
\pgf@yx=\dimen165
\pgf@yy=\dimen166
\pgf@zx=\dimen167
\pgf@zy=\dimen168
)
(C:\Users\horvath.gergely\AppData\Roaming\MiKTeX\2.9\tex\generic\pgf\basiclayer
\pgfcorepathconstruct.code.tex
File: pgfcorepathconstruct.code.tex 2013/10/07  (rcs-revision 1.29)
\pgf@path@lastx=\dimen169
\pgf@path@lasty=\dimen170
)
(C:\Users\horvath.gergely\AppData\Roaming\MiKTeX\2.9\tex\generic\pgf\basiclayer
\pgfcorepathusage.code.tex
File: pgfcorepathusage.code.tex 2014/11/02  (rcs-revision 1.24)
\pgf@shorten@end@additional=\dimen171
\pgf@shorten@start@additional=\dimen172
)
(C:\Users\horvath.gergely\AppData\Roaming\MiKTeX\2.9\tex\generic\pgf\basiclayer
\pgfcorescopes.code.tex
File: pgfcorescopes.code.tex 2015/05/08  (rcs-revision 1.46)
\pgfpic=\box36
\pgf@hbox=\box37
\pgf@layerbox@main=\box38
\pgf@picture@serial@count=\count124
)
(C:\Users\horvath.gergely\AppData\Roaming\MiKTeX\2.9\tex\generic\pgf\basiclayer
\pgfcoregraphicstate.code.tex
File: pgfcoregraphicstate.code.tex 2014/11/02  (rcs-revision 1.12)
\pgflinewidth=\dimen173
)
(C:\Users\horvath.gergely\AppData\Roaming\MiKTeX\2.9\tex\generic\pgf\basiclayer
\pgfcoretransformations.code.tex
File: pgfcoretransformations.code.tex 2015/08/07  (rcs-revision 1.20)
\pgf@pt@x=\dimen174
\pgf@pt@y=\dimen175
\pgf@pt@temp=\dimen176
)
(C:\Users\horvath.gergely\AppData\Roaming\MiKTeX\2.9\tex\generic\pgf\basiclayer
\pgfcorequick.code.tex
File: pgfcorequick.code.tex 2008/10/09  (rcs-revision 1.3)
)
(C:\Users\horvath.gergely\AppData\Roaming\MiKTeX\2.9\tex\generic\pgf\basiclayer
\pgfcoreobjects.code.tex
File: pgfcoreobjects.code.tex 2006/10/11  (rcs-revision 1.2)
)
(C:\Users\horvath.gergely\AppData\Roaming\MiKTeX\2.9\tex\generic\pgf\basiclayer
\pgfcorepathprocessing.code.tex
File: pgfcorepathprocessing.code.tex 2013/09/09  (rcs-revision 1.9)
)
(C:\Users\horvath.gergely\AppData\Roaming\MiKTeX\2.9\tex\generic\pgf\basiclayer
\pgfcorearrows.code.tex
File: pgfcorearrows.code.tex 2015/05/14  (rcs-revision 1.43)
\pgfarrowsep=\dimen177
)
(C:\Users\horvath.gergely\AppData\Roaming\MiKTeX\2.9\tex\generic\pgf\basiclayer
\pgfcoreshade.code.tex
File: pgfcoreshade.code.tex 2013/07/15  (rcs-revision 1.15)
\pgf@max=\dimen178
\pgf@sys@shading@range@num=\count125
)
(C:\Users\horvath.gergely\AppData\Roaming\MiKTeX\2.9\tex\generic\pgf\basiclayer
\pgfcoreimage.code.tex
File: pgfcoreimage.code.tex 2013/07/15  (rcs-revision 1.18)

(C:\Users\horvath.gergely\AppData\Roaming\MiKTeX\2.9\tex\generic\pgf\basiclayer
\pgfcoreexternal.code.tex
File: pgfcoreexternal.code.tex 2014/07/09  (rcs-revision 1.21)
\pgfexternal@startupbox=\box39
))
(C:\Users\horvath.gergely\AppData\Roaming\MiKTeX\2.9\tex\generic\pgf\basiclayer
\pgfcorelayers.code.tex
File: pgfcorelayers.code.tex 2013/07/18  (rcs-revision 1.7)
)
(C:\Users\horvath.gergely\AppData\Roaming\MiKTeX\2.9\tex\generic\pgf\basiclayer
\pgfcoretransparency.code.tex
File: pgfcoretransparency.code.tex 2013/09/30  (rcs-revision 1.5)
)
(C:\Users\horvath.gergely\AppData\Roaming\MiKTeX\2.9\tex\generic\pgf\basiclayer
\pgfcorepatterns.code.tex
File: pgfcorepatterns.code.tex 2013/11/07  (rcs-revision 1.5)
)))
(C:\Users\horvath.gergely\AppData\Roaming\MiKTeX\2.9\tex\generic\pgf\modules\pg
fmoduleshapes.code.tex
File: pgfmoduleshapes.code.tex 2014/03/21  (rcs-revision 1.35)
\pgfnodeparttextbox=\box40
)
(C:\Users\horvath.gergely\AppData\Roaming\MiKTeX\2.9\tex\generic\pgf\modules\pg
fmoduleplot.code.tex
File: pgfmoduleplot.code.tex 2015/08/03  (rcs-revision 1.13)
)
(C:\Users\horvath.gergely\AppData\Roaming\MiKTeX\2.9\tex\latex\pgf\compatibilit
y\pgfcomp-version-0-65.sty
Package: pgfcomp-version-0-65 2007/07/03 v3.0.1a (rcs-revision 1.7)
\pgf@nodesepstart=\dimen179
\pgf@nodesepend=\dimen180
)
(C:\Users\horvath.gergely\AppData\Roaming\MiKTeX\2.9\tex\latex\pgf\compatibilit
y\pgfcomp-version-1-18.sty
Package: pgfcomp-version-1-18 2007/07/23 v3.0.1a (rcs-revision 1.1)
))
(C:\Users\horvath.gergely\AppData\Roaming\MiKTeX\2.9\tex\latex\pgf\utilities\pg
ffor.sty
(C:\Users\horvath.gergely\AppData\Roaming\MiKTeX\2.9\tex\latex\pgf\utilities\pg
fkeys.sty
(C:\Users\horvath.gergely\AppData\Roaming\MiKTeX\2.9\tex\generic\pgf\utilities\
pgfkeys.code.tex))
(C:\Users\horvath.gergely\AppData\Roaming\MiKTeX\2.9\tex\latex\pgf\math\pgfmath
.sty
(C:\Users\horvath.gergely\AppData\Roaming\MiKTeX\2.9\tex\generic\pgf\math\pgfma
th.code.tex))
(C:\Users\horvath.gergely\AppData\Roaming\MiKTeX\2.9\tex\generic\pgf\utilities\
pgffor.code.tex
Package: pgffor 2013/12/13 v3.0.1a (rcs-revision 1.25)

(C:\Users\horvath.gergely\AppData\Roaming\MiKTeX\2.9\tex\generic\pgf\math\pgfma
th.code.tex)
\pgffor@iter=\dimen181
\pgffor@skip=\dimen182
\pgffor@stack=\toks33
\pgffor@toks=\toks34
))
(C:\Users\horvath.gergely\AppData\Roaming\MiKTeX\2.9\tex\generic\pgf\frontendla
yer\tikz\tikz.code.tex
Package: tikz 2015/08/07 v3.0.1a (rcs-revision 1.151)

(C:\Users\horvath.gergely\AppData\Roaming\MiKTeX\2.9\tex\generic\pgf\libraries\
pgflibraryplothandlers.code.tex
File: pgflibraryplothandlers.code.tex 2013/08/31 v3.0.1a (rcs-revision 1.20)
\pgf@plot@mark@count=\count126
\pgfplotmarksize=\dimen183
)
\tikz@lastx=\dimen184
\tikz@lasty=\dimen185
\tikz@lastxsaved=\dimen186
\tikz@lastysaved=\dimen187
\tikzleveldistance=\dimen188
\tikzsiblingdistance=\dimen189
\tikz@figbox=\box41
\tikz@figbox@bg=\box42
\tikz@tempbox=\box43
\tikz@tempbox@bg=\box44
\tikztreelevel=\count127
\tikznumberofchildren=\count128
\tikznumberofcurrentchild=\count129
\tikz@fig@count=\count130

(C:\Users\horvath.gergely\AppData\Roaming\MiKTeX\2.9\tex\generic\pgf\modules\pg
fmodulematrix.code.tex
File: pgfmodulematrix.code.tex 2013/09/17  (rcs-revision 1.8)
\pgfmatrixcurrentrow=\count131
\pgfmatrixcurrentcolumn=\count132
\pgf@matrix@numberofcolumns=\count133
)
\tikz@expandcount=\count134

(C:\Users\horvath.gergely\AppData\Roaming\MiKTeX\2.9\tex\generic\pgf\frontendla
yer\tikz\libraries\tikzlibrarytopaths.code.tex
File: tikzlibrarytopaths.code.tex 2008/06/17 v3.0.1a (rcs-revision 1.2)
)))
("C:\Program Files\MiKTeX 2.9\tex\latex\hyperref\nameref.sty"
Package: nameref 2016/05/21 v2.44 Cross-referencing by name of section

("C:\Program Files\MiKTeX 2.9\tex\generic\oberdiek\gettitlestring.sty"
Package: gettitlestring 2016/05/16 v1.5 Cleanup title references (HO)
)
\c@section@level=\count135
)
(C:\Users\horvath.gergely\AppData\Roaming\MiKTeX\2.9\tex\latex\tocloft\tocloft.
sty
Package: tocloft 2017/08/31 v2.3i parameterised ToC, etc., typesetting
Package tocloft Info: The document has section divisions on input line 51.
\cftparskip=\skip63
\cftbeforetoctitleskip=\skip64
\cftaftertoctitleskip=\skip65
\cftbeforepartskip=\skip66
\cftpartnumwidth=\skip67
\cftpartindent=\skip68
\cftbeforesecskip=\skip69
\cftsecindent=\skip70
\cftsecnumwidth=\skip71
\cftbeforesubsecskip=\skip72
\cftsubsecindent=\skip73
\cftsubsecnumwidth=\skip74
\cftbeforesubsubsecskip=\skip75
\cftsubsubsecindent=\skip76
\cftsubsubsecnumwidth=\skip77
\cftbeforeparaskip=\skip78
\cftparaindent=\skip79
\cftparanumwidth=\skip80
\cftbeforesubparaskip=\skip81
\cftsubparaindent=\skip82
\cftsubparanumwidth=\skip83
\cftbeforeloftitleskip=\skip84
\cftafterloftitleskip=\skip85
\cftbeforefigskip=\skip86
\cftfigindent=\skip87
\cftfignumwidth=\skip88
\c@lofdepth=\count136
\c@lotdepth=\count137
\cftbeforelottitleskip=\skip89
\cftafterlottitleskip=\skip90
\cftbeforetabskip=\skip91
\cfttabindent=\skip92
\cfttabnumwidth=\skip93
) ("C:\Program Files\MiKTeX 2.9\tex\latex\base\textcomp.sty"
Package: textcomp 2017/04/05 v2.0i Standard LaTeX package
Package textcomp Info: Sub-encoding information:
(textcomp)               5 = only ISO-Adobe without \textcurrency
(textcomp)               4 = 5 + \texteuro
(textcomp)               3 = 4 + \textohm
(textcomp)               2 = 3 + \textestimated + \textcurrency
(textcomp)               1 = TS1 - \textcircled - \t
(textcomp)               0 = TS1 (full)
(textcomp)             Font families with sub-encoding setting implement
(textcomp)             only a restricted character set as indicated.
(textcomp)             Family '?' is the default used for unknown fonts.
(textcomp)             See the documentation for details.
Package textcomp Info: Setting ? sub-encoding to TS1/1 on input line 79.

("C:\Program Files\MiKTeX 2.9\tex\latex\base\ts1enc.def"
File: ts1enc.def 2001/06/05 v3.0e (jk/car/fm) Standard LaTeX file
Now handling font encoding TS1 ...
... processing UTF-8 mapping file for font encoding TS1

("C:\Program Files\MiKTeX 2.9\tex\latex\base\ts1enc.dfu"
File: ts1enc.dfu 2018/04/05 v1.2c UTF-8 support for inputenc
   defining Unicode char U+00A2 (decimal 162)
   defining Unicode char U+00A3 (decimal 163)
   defining Unicode char U+00A4 (decimal 164)
   defining Unicode char U+00A5 (decimal 165)
   defining Unicode char U+00A6 (decimal 166)
   defining Unicode char U+00A7 (decimal 167)
   defining Unicode char U+00A8 (decimal 168)
   defining Unicode char U+00A9 (decimal 169)
   defining Unicode char U+00AA (decimal 170)
   defining Unicode char U+00AC (decimal 172)
   defining Unicode char U+00AE (decimal 174)
   defining Unicode char U+00AF (decimal 175)
   defining Unicode char U+00B0 (decimal 176)
   defining Unicode char U+00B1 (decimal 177)
   defining Unicode char U+00B2 (decimal 178)
   defining Unicode char U+00B3 (decimal 179)
   defining Unicode char U+00B4 (decimal 180)
   defining Unicode char U+00B5 (decimal 181)
   defining Unicode char U+00B6 (decimal 182)
   defining Unicode char U+00B7 (decimal 183)
   defining Unicode char U+00B9 (decimal 185)
   defining Unicode char U+00BA (decimal 186)
   defining Unicode char U+00BC (decimal 188)
   defining Unicode char U+00BD (decimal 189)
   defining Unicode char U+00BE (decimal 190)
   defining Unicode char U+00D7 (decimal 215)
   defining Unicode char U+00F7 (decimal 247)
   defining Unicode char U+0192 (decimal 402)
   defining Unicode char U+02C7 (decimal 711)
   defining Unicode char U+02D8 (decimal 728)
   defining Unicode char U+02DD (decimal 733)
   defining Unicode char U+0E3F (decimal 3647)
   defining Unicode char U+2016 (decimal 8214)
   defining Unicode char U+2020 (decimal 8224)
   defining Unicode char U+2021 (decimal 8225)
   defining Unicode char U+2022 (decimal 8226)
   defining Unicode char U+2030 (decimal 8240)
   defining Unicode char U+2031 (decimal 8241)
   defining Unicode char U+203B (decimal 8251)
   defining Unicode char U+203D (decimal 8253)
   defining Unicode char U+2044 (decimal 8260)
   defining Unicode char U+204E (decimal 8270)
   defining Unicode char U+2052 (decimal 8274)
   defining Unicode char U+20A1 (decimal 8353)
   defining Unicode char U+20A4 (decimal 8356)
   defining Unicode char U+20A6 (decimal 8358)
   defining Unicode char U+20A9 (decimal 8361)
   defining Unicode char U+20AB (decimal 8363)
   defining Unicode char U+20AC (decimal 8364)
   defining Unicode char U+20B1 (decimal 8369)
   defining Unicode char U+2103 (decimal 8451)
   defining Unicode char U+2116 (decimal 8470)
   defining Unicode char U+2117 (decimal 8471)
   defining Unicode char U+211E (decimal 8478)
   defining Unicode char U+2120 (decimal 8480)
   defining Unicode char U+2122 (decimal 8482)
   defining Unicode char U+2126 (decimal 8486)
   defining Unicode char U+2127 (decimal 8487)
   defining Unicode char U+212E (decimal 8494)
   defining Unicode char U+2190 (decimal 8592)
   defining Unicode char U+2191 (decimal 8593)
   defining Unicode char U+2192 (decimal 8594)
   defining Unicode char U+2193 (decimal 8595)
   defining Unicode char U+2329 (decimal 9001)
   defining Unicode char U+232A (decimal 9002)
   defining Unicode char U+2422 (decimal 9250)
   defining Unicode char U+25E6 (decimal 9702)
   defining Unicode char U+25EF (decimal 9711)
   defining Unicode char U+266A (decimal 9834)
   defining Unicode char U+FEFF (decimal 65279)
))
LaTeX Info: Redefining \oldstylenums on input line 334.
Package textcomp Info: Setting cmr sub-encoding to TS1/0 on input line 349.
Package textcomp Info: Setting cmss sub-encoding to TS1/0 on input line 350.
Package textcomp Info: Setting cmtt sub-encoding to TS1/0 on input line 351.
Package textcomp Info: Setting cmvtt sub-encoding to TS1/0 on input line 352.
Package textcomp Info: Setting cmbr sub-encoding to TS1/0 on input line 353.
Package textcomp Info: Setting cmtl sub-encoding to TS1/0 on input line 354.
Package textcomp Info: Setting ccr sub-encoding to TS1/0 on input line 355.
Package textcomp Info: Setting ptm sub-encoding to TS1/4 on input line 356.
Package textcomp Info: Setting pcr sub-encoding to TS1/4 on input line 357.
Package textcomp Info: Setting phv sub-encoding to TS1/4 on input line 358.
Package textcomp Info: Setting ppl sub-encoding to TS1/3 on input line 359.
Package textcomp Info: Setting pag sub-encoding to TS1/4 on input line 360.
Package textcomp Info: Setting pbk sub-encoding to TS1/4 on input line 361.
Package textcomp Info: Setting pnc sub-encoding to TS1/4 on input line 362.
Package textcomp Info: Setting pzc sub-encoding to TS1/4 on input line 363.
Package textcomp Info: Setting bch sub-encoding to TS1/4 on input line 364.
Package textcomp Info: Setting put sub-encoding to TS1/5 on input line 365.
Package textcomp Info: Setting uag sub-encoding to TS1/5 on input line 366.
Package textcomp Info: Setting ugq sub-encoding to TS1/5 on input line 367.
Package textcomp Info: Setting ul8 sub-encoding to TS1/4 on input line 368.
Package textcomp Info: Setting ul9 sub-encoding to TS1/4 on input line 369.
Package textcomp Info: Setting augie sub-encoding to TS1/5 on input line 370.
Package textcomp Info: Setting dayrom sub-encoding to TS1/3 on input line 371.
Package textcomp Info: Setting dayroms sub-encoding to TS1/3 on input line 372.

Package textcomp Info: Setting pxr sub-encoding to TS1/0 on input line 373.
Package textcomp Info: Setting pxss sub-encoding to TS1/0 on input line 374.
Package textcomp Info: Setting pxtt sub-encoding to TS1/0 on input line 375.
Package textcomp Info: Setting txr sub-encoding to TS1/0 on input line 376.
Package textcomp Info: Setting txss sub-encoding to TS1/0 on input line 377.
Package textcomp Info: Setting txtt sub-encoding to TS1/0 on input line 378.
Package textcomp Info: Setting lmr sub-encoding to TS1/0 on input line 379.
Package textcomp Info: Setting lmdh sub-encoding to TS1/0 on input line 380.
Package textcomp Info: Setting lmss sub-encoding to TS1/0 on input line 381.
Package textcomp Info: Setting lmssq sub-encoding to TS1/0 on input line 382.
Package textcomp Info: Setting lmvtt sub-encoding to TS1/0 on input line 383.
Package textcomp Info: Setting lmtt sub-encoding to TS1/0 on input line 384.
Package textcomp Info: Setting qhv sub-encoding to TS1/0 on input line 385.
Package textcomp Info: Setting qag sub-encoding to TS1/0 on input line 386.
Package textcomp Info: Setting qbk sub-encoding to TS1/0 on input line 387.
Package textcomp Info: Setting qcr sub-encoding to TS1/0 on input line 388.
Package textcomp Info: Setting qcs sub-encoding to TS1/0 on input line 389.
Package textcomp Info: Setting qpl sub-encoding to TS1/0 on input line 390.
Package textcomp Info: Setting qtm sub-encoding to TS1/0 on input line 391.
Package textcomp Info: Setting qzc sub-encoding to TS1/0 on input line 392.
Package textcomp Info: Setting qhvc sub-encoding to TS1/0 on input line 393.
Package textcomp Info: Setting futs sub-encoding to TS1/4 on input line 394.
Package textcomp Info: Setting futx sub-encoding to TS1/4 on input line 395.
Package textcomp Info: Setting futj sub-encoding to TS1/4 on input line 396.
Package textcomp Info: Setting hlh sub-encoding to TS1/3 on input line 397.
Package textcomp Info: Setting hls sub-encoding to TS1/3 on input line 398.
Package textcomp Info: Setting hlst sub-encoding to TS1/3 on input line 399.
Package textcomp Info: Setting hlct sub-encoding to TS1/5 on input line 400.
Package textcomp Info: Setting hlx sub-encoding to TS1/5 on input line 401.
Package textcomp Info: Setting hlce sub-encoding to TS1/5 on input line 402.
Package textcomp Info: Setting hlcn sub-encoding to TS1/5 on input line 403.
Package textcomp Info: Setting hlcw sub-encoding to TS1/5 on input line 404.
Package textcomp Info: Setting hlcf sub-encoding to TS1/5 on input line 405.
Package textcomp Info: Setting pplx sub-encoding to TS1/3 on input line 406.
Package textcomp Info: Setting pplj sub-encoding to TS1/3 on input line 407.
Package textcomp Info: Setting ptmx sub-encoding to TS1/4 on input line 408.
Package textcomp Info: Setting ptmj sub-encoding to TS1/4 on input line 409.
)
(C:\Users\horvath.gergely\AppData\Roaming\MiKTeX\2.9\tex\latex\caption\subcapti
on.sty
Package: subcaption 2018/05/01 v1.1-162 Sub-captions (AR)
\c@subfigure=\count138
\c@subtable=\count139
) ("C:\Program Files\MiKTeX 2.9\tex\latex\lm\lmodern.sty"
Package: lmodern 2009/10/30 v1.6 Latin Modern Fonts
LaTeX Font Info:    Overwriting symbol font `operators' in version `normal'
(Font)                  OT1/cmr/m/n --> OT1/lmr/m/n on input line 22.
LaTeX Font Info:    Overwriting symbol font `letters' in version `normal'
(Font)                  OML/cmm/m/it --> OML/lmm/m/it on input line 23.
LaTeX Font Info:    Overwriting symbol font `symbols' in version `normal'
(Font)                  OMS/cmsy/m/n --> OMS/lmsy/m/n on input line 24.
LaTeX Font Info:    Overwriting symbol font `largesymbols' in version `normal'
(Font)                  OMX/cmex/m/n --> OMX/lmex/m/n on input line 25.
LaTeX Font Info:    Overwriting symbol font `operators' in version `bold'
(Font)                  OT1/cmr/bx/n --> OT1/lmr/bx/n on input line 26.
LaTeX Font Info:    Overwriting symbol font `letters' in version `bold'
(Font)                  OML/cmm/b/it --> OML/lmm/b/it on input line 27.
LaTeX Font Info:    Overwriting symbol font `symbols' in version `bold'
(Font)                  OMS/cmsy/b/n --> OMS/lmsy/b/n on input line 28.
LaTeX Font Info:    Overwriting symbol font `largesymbols' in version `bold'
(Font)                  OMX/cmex/m/n --> OMX/lmex/m/n on input line 29.
LaTeX Font Info:    Overwriting math alphabet `\mathbf' in version `normal'
(Font)                  OT1/cmr/bx/n --> OT1/lmr/bx/n on input line 31.
LaTeX Font Info:    Overwriting math alphabet `\mathsf' in version `normal'
(Font)                  OT1/cmss/m/n --> OT1/lmss/m/n on input line 32.
LaTeX Font Info:    Overwriting math alphabet `\mathit' in version `normal'
(Font)                  OT1/cmr/m/it --> OT1/lmr/m/it on input line 33.
LaTeX Font Info:    Overwriting math alphabet `\mathtt' in version `normal'
(Font)                  OT1/cmtt/m/n --> OT1/lmtt/m/n on input line 34.
LaTeX Font Info:    Overwriting math alphabet `\mathbf' in version `bold'
(Font)                  OT1/cmr/bx/n --> OT1/lmr/bx/n on input line 35.
LaTeX Font Info:    Overwriting math alphabet `\mathsf' in version `bold'
(Font)                  OT1/cmss/bx/n --> OT1/lmss/bx/n on input line 36.
LaTeX Font Info:    Overwriting math alphabet `\mathit' in version `bold'
(Font)                  OT1/cmr/bx/it --> OT1/lmr/bx/it on input line 37.
LaTeX Font Info:    Overwriting math alphabet `\mathtt' in version `bold'
(Font)                  OT1/cmtt/m/n --> OT1/lmtt/m/n on input line 38.
)
("C:\Program Files\MiKTeX 2.9\tex\latex\classico\classico.sty"
Package: classico 2014/08/28 (Bob Tennent) Supports URW Classico fonts for all 
LaTeX engines.

("C:\Program Files\MiKTeX 2.9\tex\latex\xkeyval\xkeyval.sty"
Package: xkeyval 2014/12/03 v2.7a package option processing (HA)

("C:\Program Files\MiKTeX 2.9\tex\generic\xkeyval\xkeyval.tex"
("C:\Program Files\MiKTeX 2.9\tex\generic\xkeyval\xkvutils.tex"
\XKV@toks=\toks35
\XKV@tempa@toks=\toks36
)
\XKV@depth=\count140
File: xkeyval.tex 2014/12/03 v2.7a key=value parser (HA)
))
("C:\Program Files\MiKTeX 2.9\tex\latex\base\fontenc.sty"
Package: fontenc 2017/04/05 v2.0i Standard LaTeX package
)
(C:\Users\horvath.gergely\AppData\Roaming\MiKTeX\2.9\tex\latex\fontaxes\fontaxe
s.sty
Package: fontaxes 2014/03/23 v1.0d Font selection axes
LaTeX Info: Redefining \upshape on input line 29.
LaTeX Info: Redefining \itshape on input line 31.
LaTeX Info: Redefining \slshape on input line 33.
LaTeX Info: Redefining \scshape on input line 37.
))
(C:\Users\horvath.gergely\AppData\Roaming\MiKTeX\2.9\tex\latex\listings\lstlang
1.sty
File: lstlang1.sty 2015/06/04 1.6 listings language file
)
(C:\Users\horvath.gergely\AppData\Roaming\MiKTeX\2.9\tex\latex\titlesec\ttlkeys
.def
File: ttlkeys.def 2016/03/15
)
\enitdp@paramlist=\count141
 ("Gramophone User Guide.aux")
\openout1 = `"Gramophone User Guide.aux"'.

LaTeX Font Info:    Checking defaults for OML/cmm/m/it on input line 144.
LaTeX Font Info:    ... okay on input line 144.
LaTeX Font Info:    Checking defaults for T1/cmr/m/n on input line 144.
LaTeX Font Info:    ... okay on input line 144.
LaTeX Font Info:    Checking defaults for OT1/cmr/m/n on input line 144.
LaTeX Font Info:    ... okay on input line 144.
LaTeX Font Info:    Checking defaults for OMS/cmsy/m/n on input line 144.
LaTeX Font Info:    ... okay on input line 144.
LaTeX Font Info:    Checking defaults for OMX/cmex/m/n on input line 144.
LaTeX Font Info:    ... okay on input line 144.
LaTeX Font Info:    Checking defaults for U/cmr/m/n on input line 144.
LaTeX Font Info:    ... okay on input line 144.
LaTeX Font Info:    Checking defaults for PD1/pdf/m/n on input line 144.
LaTeX Font Info:    ... okay on input line 144.
LaTeX Font Info:    Checking defaults for TS1/cmr/m/n on input line 144.
LaTeX Font Info:    Try loading font information for TS1+cmr on input line 144.


("C:\Program Files\MiKTeX 2.9\tex\latex\base\ts1cmr.fd"
File: ts1cmr.fd 2014/09/29 v2.5h Standard LaTeX font definitions
)
LaTeX Font Info:    ... okay on input line 144.
LaTeX Font Info:    Try loading font information for OT1+lmr on input line 144.


("C:\Program Files\MiKTeX 2.9\tex\latex\lm\ot1lmr.fd"
File: ot1lmr.fd 2009/10/30 v1.6 Font defs for Latin Modern
)
*geometry* driver: auto-detecting
*geometry* detected driver: pdftex
*geometry* verbose mode - [ preamble ] result:
* driver: pdftex
* paper: a4paper
* layout: <same size as paper>
* layoutoffset:(h,v)=(0.0pt,0.0pt)
* modes: 
* h-part:(L,W,R)=(56.9055pt, 483.69687pt, 56.9055pt)
* v-part:(T,H,B)=(99.58464pt, 645.87756pt, 99.58464pt)
* \paperwidth=597.50787pt
* \paperheight=845.04684pt
* \textwidth=483.69687pt
* \textheight=645.87756pt
* \oddsidemargin=-15.36449pt
* \evensidemargin=-15.36449pt
* \topmargin=-9.68535pt
* \headheight=12.0pt
* \headsep=25.0pt
* \topskip=11.0pt
* \footskip=30.0pt
* \marginparwidth=50.0pt
* \marginparsep=10.0pt
* \columnsep=10.0pt
* \skip\footins=10.0pt plus 4.0pt minus 2.0pt
* \hoffset=0.0pt
* \voffset=0.0pt
* \mag=1000
* \@twocolumnfalse
* \@twosidefalse
* \@mparswitchfalse
* \@reversemarginfalse
* (1in=72.27pt=25.4mm, 1cm=28.453pt)

\AtBeginShipoutBox=\box45
Package hyperref Info: Link coloring OFF on input line 144.
LaTeX Info: Redefining \ref on input line 144.
LaTeX Info: Redefining \pageref on input line 144.
LaTeX Info: Redefining \nameref on input line 144.
("Gramophone User Guide.out") ("Gramophone User Guide.out")
\@outlinefile=\write4
\openout4 = `"Gramophone User Guide.out"'.


(C:\Users\horvath.gergely\AppData\Roaming\MiKTeX\2.9\tex\context\base\supp-pdf.
mkii
[Loading MPS to PDF converter (version 2006.09.02).]
\scratchcounter=\count142
\scratchdimen=\dimen190
\scratchbox=\box46
\nofMPsegments=\count143
\nofMParguments=\count144
\everyMPshowfont=\toks37
\MPscratchCnt=\count145
\MPscratchDim=\dimen191
\MPnumerator=\count146
\makeMPintoPDFobject=\count147
\everyMPtoPDFconversion=\toks38
) ("C:\Program Files\MiKTeX 2.9\tex\latex\oberdiek\epstopdf-base.sty"
Package: epstopdf-base 2016/05/15 v2.6 Base part for package epstopdf

("C:\Program Files\MiKTeX 2.9\tex\latex\oberdiek\grfext.sty"
Package: grfext 2016/05/16 v1.2 Manage graphics extensions (HO)
)
Package epstopdf-base Info: Redefining graphics rule for `.eps' on input line 4
38.
Package grfext Info: Graphics extension search list:
(grfext)             [.pdf,.png,.jpg,.mps,.jpeg,.jbig2,.jb2,.PDF,.PNG,.JPG,.JPE
G,.JBIG2,.JB2,.eps]
(grfext)             \AppendGraphicsExtensions on input line 456.
)
Package caption Info: Begin \AtBeginDocument code.
Package caption Info: listings package is loaded.
Package caption Info: End \AtBeginDocument code.
\symgns@font=\mathgroup4
LaTeX Font Info:    Overwriting symbol font `gns@font' in version `bold'
(Font)                  TS1/lmr/m/n --> TS1/lmr/bx/n on input line 144.
Package gensymb Info: Math companion symbols declared on input line 144.
LaTeX Info: Redefining \degree on input line 144.
LaTeX Info: Redefining \celsius on input line 144.
Package gensymb Info: Using text companion symbols for \degree, \celsius and \p
erthousand on input line 144.
LaTeX Info: Redefining \ohm on input line 144.
Package gensymb Info: Using \textohm for \ohm on input line 144.
Package gensymb Info: Using \textmu for \micro on input line 144.
\c@lstlisting=\count148

ABD: EveryShipout initializing macros
\c@mv@tabular=\count149
\c@mv@boldtabular=\count150
LaTeX Font Info:    Try loading font information for OT1+URWClassico-LF on inpu
t line 145.

("C:\Program Files\MiKTeX 2.9\tex\latex\classico\ot1urwclassico-lf.fd"
File: OT1URWClassico-LF.fd 2014/08/27 (autoinst) Font definitions for OT1/URWCl
assico-LF.
)
LaTeX Font Info:    Font shape `OT1/URWClassico-LF/m/n' will be
(Font)              scaled to size 10.95pt on input line 145.
LaTeX Font Info:    Font shape `OT1/URWClassico-LF/m/sc' will be
(Font)              scaled to size 10.95pt on input line 145.
LaTeX Font Info:    Font shape `OT1/URWClassico-LF/m/sc' will be
(Font)              scaled to size 24.88pt on input line 145.
<images/Gramophone_titlepage.JPG, id=178, 308.352pt x 246.6816pt>
File: images/Gramophone_titlepage.JPG Graphic file (type jpg)
<use images/Gramophone_titlepage.JPG>
Package pdftex.def Info: images/Gramophone_titlepage.JPG  used on input line 14
5.
(pdftex.def)             Requested size: 435.32422pt x 348.26524pt.
<images/arcualt_design_element.pdf, id=179, 9804.82114pt x 6589.65894pt>
File: images/arcualt_design_element.pdf Graphic file (type pdf)
<use images/arcualt_design_element.pdf>
Package pdftex.def Info: images/arcualt_design_element.pdf  used on input line 
145.
(pdftex.def)             Requested size: 597.39006pt x 401.49603pt.
<images/femtonics-logo_silver_with_tagline.png, id=180, 4015.0pt x 2429.075pt>
File: images/femtonics-logo_silver_with_tagline.png Graphic file (type png)
<use images/femtonics-logo_silver_with_tagline.png>
Package pdftex.def Info: images/femtonics-logo_silver_with_tagline.png  used on
 input line 145.
(pdftex.def)             Requested size: 298.72272pt x 180.72723pt.

[1

{C:/Users/horvath.gergely/AppData/Local/MiKTeX/2.9/pdftex/config/pdftex.map} <.
/images/arcualt_design_element.pdf> <./images/femtonics-logo_silver_with_taglin
e.png> <./images/Gramophone_titlepage.JPG>] ("Gramophone User Guide.toc"
LaTeX Font Info:    Try loading font information for OML+lmm on input line 1.

("C:\Program Files\MiKTeX 2.9\tex\latex\lm\omllmm.fd"
File: omllmm.fd 2009/10/30 v1.6 Font defs for Latin Modern
)
LaTeX Font Info:    Try loading font information for OMS+lmsy on input line 1.

("C:\Program Files\MiKTeX 2.9\tex\latex\lm\omslmsy.fd"
File: omslmsy.fd 2009/10/30 v1.6 Font defs for Latin Modern
)
LaTeX Font Info:    Try loading font information for OMX+lmex on input line 1.

("C:\Program Files\MiKTeX 2.9\tex\latex\lm\omxlmex.fd"
File: omxlmex.fd 2009/10/30 v1.6 Font defs for Latin Modern
)
LaTeX Font Info:    External font `lmex10' loaded for size
(Font)              <10.95> on input line 1.
LaTeX Font Info:    External font `lmex10' loaded for size
(Font)              <8> on input line 1.
LaTeX Font Info:    External font `lmex10' loaded for size
(Font)              <6> on input line 1.
LaTeX Font Info:    Try loading font information for TS1+lmr on input line 1.

("C:\Program Files\MiKTeX 2.9\tex\latex\lm\ts1lmr.fd"
File: ts1lmr.fd 2009/10/30 v1.6 Font defs for Latin Modern
)pdfTeX warning (ext4): destination with the same identifier (name{page.1}) has
 been already used, duplicate ignored
<to be read again> 
                   \relax 
l.39 ...ion}{Saving a summary}{23}{subsection*.43}
                                                  
<images/Femtonics_header_letter.png, id=268, 2312.64pt x 291.60945pt>
File: images/Femtonics_header_letter.png Graphic file (type png)
<use images/Femtonics_header_letter.png>
Package pdftex.def Info: images/Femtonics_header_letter.png  used on input line
 39.
(pdftex.def)             Requested size: 597.49641pt x 75.34056pt.
<images/Femtonics_footer_letter.png, id=269, 2312.64pt x 241.02045pt>
File: images/Femtonics_footer_letter.png Graphic file (type png)
<use images/Femtonics_footer_letter.png>
Package pdftex.def Info: images/Femtonics_footer_letter.png  used on input line
 39.
(pdftex.def)             Requested size: 597.49641pt x 62.27031pt.
 [1 <./images/Femtonics_header_letter.png> <./images/Femtonics_footer_letter.pn
g>])
\tf@toc=\write5
\openout5 = `"Gramophone User Guide.toc"'.

File: images/Femtonics_header_letter.png Graphic file (type png)
<use images/Femtonics_header_letter.png>
Package pdftex.def Info: images/Femtonics_header_letter.png  used on input line
 150.
(pdftex.def)             Requested size: 597.49641pt x 75.34056pt.
File: images/Femtonics_footer_letter.png Graphic file (type png)
<use images/Femtonics_footer_letter.png>
Package pdftex.def Info: images/Femtonics_footer_letter.png  used on input line
 150.
(pdftex.def)             Requested size: 597.49641pt x 62.27031pt.
 [2]
LaTeX Font Info:    Try loading font information for OT1+lmtt on input line 157
.

("C:\Program Files\MiKTeX 2.9\tex\latex\lm\ot1lmtt.fd"
File: ot1lmtt.fd 2009/10/30 v1.6 Font defs for Latin Modern
)
File: images/Femtonics_header_letter.png Graphic file (type png)
<use images/Femtonics_header_letter.png>
Package pdftex.def Info: images/Femtonics_header_letter.png  used on input line
 186.
(pdftex.def)             Requested size: 597.49641pt x 75.34056pt.
File: images/Femtonics_footer_letter.png Graphic file (type png)
<use images/Femtonics_footer_letter.png>
Package pdftex.def Info: images/Femtonics_footer_letter.png  used on input line
 186.
(pdftex.def)             Requested size: 597.49641pt x 62.27031pt.
 [3]
File: images/Femtonics_header_letter.png Graphic file (type png)
<use images/Femtonics_header_letter.png>
Package pdftex.def Info: images/Femtonics_header_letter.png  used on input line
 193.
(pdftex.def)             Requested size: 597.49641pt x 75.34056pt.
File: images/Femtonics_footer_letter.png Graphic file (type png)
<use images/Femtonics_footer_letter.png>
Package pdftex.def Info: images/Femtonics_footer_letter.png  used on input line
 193.
(pdftex.def)             Requested size: 597.49641pt x 62.27031pt.
 [4]
<images/labels_overview.PDF, id=309, 597.50829pt x 483.6971pt>
File: images/labels_overview.PDF Graphic file (type pdf)
<use images/labels_overview.PDF>
Package pdftex.def Info: images/labels_overview.PDF  used on input line 197.
(pdftex.def)             Requested size: 483.69687pt x 386.96648pt.
<images/labels_ports.PDF, id=311, 597.50829pt x 540.60269pt>
File: images/labels_ports.PDF Graphic file (type pdf)
<use images/labels_ports.PDF>
Package pdftex.def Info: images/labels_ports.PDF  used on input line 213.
(pdftex.def)             Requested size: 483.69687pt x 411.15195pt.

Overfull \hbox (3.04164pt too wide) in paragraph at lines 213--214
 [][]\OT1/lmr/m/n/10.95 ; 
 []

File: images/Femtonics_header_letter.png Graphic file (type png)
<use images/Femtonics_header_letter.png>
Package pdftex.def Info: images/Femtonics_header_letter.png  used on input line
 217.
(pdftex.def)             Requested size: 597.49641pt x 75.34056pt.
File: images/Femtonics_footer_letter.png Graphic file (type png)
<use images/Femtonics_footer_letter.png>
Package pdftex.def Info: images/Femtonics_footer_letter.png  used on input line
 217.
(pdftex.def)             Requested size: 597.49641pt x 62.27031pt.
[5 <./images/labels_overview.PDF>]
File: images/Femtonics_header_letter.png Graphic file (type png)
<use images/Femtonics_header_letter.png>
Package pdftex.def Info: images/Femtonics_header_letter.png  used on input line
 236.
(pdftex.def)             Requested size: 597.49641pt x 75.34056pt.
File: images/Femtonics_footer_letter.png Graphic file (type png)
<use images/Femtonics_footer_letter.png>
Package pdftex.def Info: images/Femtonics_footer_letter.png  used on input line
 236.
(pdftex.def)             Requested size: 597.49641pt x 62.27031pt.
 [6 <./images/labels_ports.PDF>]
<images/labels_height_1.PDF, id=352, 597.50829pt x 398.3382pt>
File: images/labels_height_1.PDF Graphic file (type pdf)
<use images/labels_height_1.PDF>
Package pdftex.def Info: images/labels_height_1.PDF  used on input line 256.
(pdftex.def)             Requested size: 483.69687pt x 299.43062pt.

Overfull \hbox (3.04164pt too wide) in paragraph at lines 256--257
 [][]\OT1/lmr/m/n/10.95 ; 
 []

<images/labels_height_2.PDF, id=354, 597.50829pt x 398.3382pt>
File: images/labels_height_2.PDF Graphic file (type pdf)
<use images/labels_height_2.PDF>
Package pdftex.def Info: images/labels_height_2.PDF  used on input line 263.
(pdftex.def)             Requested size: 483.69687pt x 314.40976pt.

Overfull \hbox (3.04164pt too wide) in paragraph at lines 263--264
 [][]\OT1/lmr/m/n/10.95 ; 
 []

File: images/Femtonics_header_letter.png Graphic file (type png)
<use images/Femtonics_header_letter.png>
Package pdftex.def Info: images/Femtonics_header_letter.png  used on input line
 267.
(pdftex.def)             Requested size: 597.49641pt x 75.34056pt.
File: images/Femtonics_footer_letter.png Graphic file (type png)
<use images/Femtonics_footer_letter.png>
Package pdftex.def Info: images/Femtonics_footer_letter.png  used on input line
 267.
(pdftex.def)             Requested size: 597.49641pt x 62.27031pt.
[7 <./images/labels_height_1.PDF>]
<images/labels_side.PDF, id=380, 597.50829pt x 398.3382pt>
File: images/labels_side.PDF Graphic file (type pdf)
<use images/labels_side.PDF>
Package pdftex.def Info: images/labels_side.PDF  used on input line 283.
(pdftex.def)             Requested size: 483.69687pt x 330.9523pt.

Overfull \hbox (3.04164pt too wide) in paragraph at lines 283--284
 [][]\OT1/lmr/m/n/10.95 ; 
 []

File: images/Femtonics_header_letter.png Graphic file (type png)
<use images/Femtonics_header_letter.png>
Package pdftex.def Info: images/Femtonics_header_letter.png  used on input line
 287.
(pdftex.def)             Requested size: 597.49641pt x 75.34056pt.
File: images/Femtonics_footer_letter.png Graphic file (type png)
<use images/Femtonics_footer_letter.png>
Package pdftex.def Info: images/Femtonics_footer_letter.png  used on input line
 287.
(pdftex.def)             Requested size: 597.49641pt x 62.27031pt.
[8 <./images/labels_height_2.PDF>]
<images/labels_back.PDF, id=407, 597.50829pt x 455.24379pt>
File: images/labels_back.PDF Graphic file (type pdf)
<use images/labels_back.PDF>
Package pdftex.def Info: images/labels_back.PDF  used on input line 298.
(pdftex.def)             Requested size: 483.69687pt x 386.96599pt.

Overfull \hbox (3.04164pt too wide) in paragraph at lines 298--299
 [][]\OT1/lmr/m/n/10.95 ; 
 []

File: images/Femtonics_header_letter.png Graphic file (type png)
<use images/Femtonics_header_letter.png>
Package pdftex.def Info: images/Femtonics_header_letter.png  used on input line
 302.
(pdftex.def)             Requested size: 597.49641pt x 75.34056pt.
File: images/Femtonics_footer_letter.png Graphic file (type png)
<use images/Femtonics_footer_letter.png>
Package pdftex.def Info: images/Femtonics_footer_letter.png  used on input line
 302.
(pdftex.def)             Requested size: 597.49641pt x 62.27031pt.
[9 <./images/labels_side.PDF>]
File: images/Femtonics_header_letter.png Graphic file (type png)
<use images/Femtonics_header_letter.png>
Package pdftex.def Info: images/Femtonics_header_letter.png  used on input line
 303.
(pdftex.def)             Requested size: 597.49641pt x 75.34056pt.
File: images/Femtonics_footer_letter.png Graphic file (type png)
<use images/Femtonics_footer_letter.png>
Package pdftex.def Info: images/Femtonics_footer_letter.png  used on input line
 303.
(pdftex.def)             Requested size: 597.49641pt x 62.27031pt.
 [10 <./images/labels_back.PDF>]
Underfull \hbox (badness 10000) in paragraph at lines 309--315

 []


Underfull \hbox (badness 10000) in paragraph at lines 316--317

 []

<images/miniconda_install_1.PNG, id=446, 375.65344pt x 292.09125pt>
File: images/miniconda_install_1.PNG Graphic file (type png)
<use images/miniconda_install_1.PNG>
Package pdftex.def Info: images/miniconda_install_1.PNG  used on input line 325
.
(pdftex.def)             Requested size: 300.52315pt x 233.6733pt.
File: images/Femtonics_header_letter.png Graphic file (type png)
<use images/Femtonics_header_letter.png>
Package pdftex.def Info: images/Femtonics_header_letter.png  used on input line
 330.
(pdftex.def)             Requested size: 597.49641pt x 75.34056pt.
File: images/Femtonics_footer_letter.png Graphic file (type png)
<use images/Femtonics_footer_letter.png>
Package pdftex.def Info: images/Femtonics_footer_letter.png  used on input line
 330.
(pdftex.def)             Requested size: 597.49641pt x 62.27031pt.
[11 <./images/miniconda_install_1.PNG>]
<images/miniconda_install_license.PNG, id=456, 375.65344pt x 292.09125pt>
File: images/miniconda_install_license.PNG Graphic file (type png)
<use images/miniconda_install_license.PNG>
Package pdftex.def Info: images/miniconda_install_license.PNG  used on input li
ne 334.
(pdftex.def)             Requested size: 300.52315pt x 233.6733pt.
<images/miniconda_install_users.PNG, id=458, 375.65344pt x 292.09125pt>
File: images/miniconda_install_users.PNG Graphic file (type png)
<use images/miniconda_install_users.PNG>
Package pdftex.def Info: images/miniconda_install_users.PNG  used on input line
 343.
(pdftex.def)             Requested size: 300.52315pt x 233.6733pt.
File: images/Femtonics_header_letter.png Graphic file (type png)
<use images/Femtonics_header_letter.png>
Package pdftex.def Info: images/Femtonics_header_letter.png  used on input line
 348.
(pdftex.def)             Requested size: 597.49641pt x 75.34056pt.
File: images/Femtonics_footer_letter.png Graphic file (type png)
<use images/Femtonics_footer_letter.png>
Package pdftex.def Info: images/Femtonics_footer_letter.png  used on input line
 348.
(pdftex.def)             Requested size: 597.49641pt x 62.27031pt.
 [12 <./images/miniconda_install_license.PNG> <./images/miniconda_install_users
.PNG>]
<images/miniconda_install_dir.PNG, id=471, 375.65344pt x 292.09125pt>
File: images/miniconda_install_dir.PNG Graphic file (type png)
<use images/miniconda_install_dir.PNG>
Package pdftex.def Info: images/miniconda_install_dir.PNG  used on input line 3
52.
(pdftex.def)             Requested size: 300.52315pt x 233.6733pt.
<images/miniconda_install_options.PNG, id=473, 375.65344pt x 292.09125pt>
File: images/miniconda_install_options.PNG Graphic file (type png)
<use images/miniconda_install_options.PNG>
Package pdftex.def Info: images/miniconda_install_options.PNG  used on input li
ne 364.
(pdftex.def)             Requested size: 300.52315pt x 233.6733pt.
File: images/Femtonics_header_letter.png Graphic file (type png)
<use images/Femtonics_header_letter.png>
Package pdftex.def Info: images/Femtonics_header_letter.png  used on input line
 369.
(pdftex.def)             Requested size: 597.49641pt x 75.34056pt.
File: images/Femtonics_footer_letter.png Graphic file (type png)
<use images/Femtonics_footer_letter.png>
Package pdftex.def Info: images/Femtonics_footer_letter.png  used on input line
 369.
(pdftex.def)             Requested size: 597.49641pt x 62.27031pt.
 [13 <./images/miniconda_install_dir.PNG> <./images/miniconda_install_options.P
NG>]
<images/miniconda_install_done.PNG, id=485, 375.65344pt x 292.09125pt>
File: images/miniconda_install_done.PNG Graphic file (type png)
<use images/miniconda_install_done.PNG>
Package pdftex.def Info: images/miniconda_install_done.PNG  used on input line 
373.
(pdftex.def)             Requested size: 300.52315pt x 233.6733pt.
<images/miniconda_install_done2.PNG, id=487, 375.65344pt x 292.09125pt>
File: images/miniconda_install_done2.PNG Graphic file (type png)
<use images/miniconda_install_done2.PNG>
Package pdftex.def Info: images/miniconda_install_done2.PNG  used on input line
 382.
(pdftex.def)             Requested size: 300.52315pt x 233.6733pt.
File: images/Femtonics_header_letter.png Graphic file (type png)
<use images/Femtonics_header_letter.png>
Package pdftex.def Info: images/Femtonics_header_letter.png  used on input line
 389.
(pdftex.def)             Requested size: 597.49641pt x 75.34056pt.
File: images/Femtonics_footer_letter.png Graphic file (type png)
<use images/Femtonics_footer_letter.png>
Package pdftex.def Info: images/Femtonics_footer_letter.png  used on input line
 389.
(pdftex.def)             Requested size: 597.49641pt x 62.27031pt.
 [14 <./images/miniconda_install_done.PNG> <./images/miniconda_install_done2.PN
G>]
File: images/Femtonics_header_letter.png Graphic file (type png)
<use images/Femtonics_header_letter.png>
Package pdftex.def Info: images/Femtonics_header_letter.png  used on input line
 425.
(pdftex.def)             Requested size: 597.49641pt x 75.34056pt.
File: images/Femtonics_footer_letter.png Graphic file (type png)
<use images/Femtonics_footer_letter.png>
Package pdftex.def Info: images/Femtonics_footer_letter.png  used on input line
 425.
(pdftex.def)             Requested size: 597.49641pt x 62.27031pt.
 [15]
<images/pyGram_recording.PNG, id=506, 336.50719pt x 532.99126pt>
File: images/pyGram_recording.PNG Graphic file (type png)
<use images/pyGram_recording.PNG>
Package pdftex.def Info: images/pyGram_recording.PNG  used on input line 436.
(pdftex.def)             Requested size: 164.88995pt x 261.168pt.
File: images/Femtonics_header_letter.png Graphic file (type png)
<use images/Femtonics_header_letter.png>
Package pdftex.def Info: images/Femtonics_header_letter.png  used on input line
 459.
(pdftex.def)             Requested size: 597.49641pt x 75.34056pt.
File: images/Femtonics_footer_letter.png Graphic file (type png)
<use images/Femtonics_footer_letter.png>
Package pdftex.def Info: images/Femtonics_footer_letter.png  used on input line
 459.
(pdftex.def)             Requested size: 597.49641pt x 62.27031pt.
 [16 <./images/pyGram_recording.PNG>]
File: images/Femtonics_header_letter.png Graphic file (type png)
<use images/Femtonics_header_letter.png>
Package pdftex.def Info: images/Femtonics_header_letter.png  used on input line
 488.
(pdftex.def)             Requested size: 597.49641pt x 75.34056pt.
File: images/Femtonics_footer_letter.png Graphic file (type png)
<use images/Femtonics_footer_letter.png>
Package pdftex.def Info: images/Femtonics_footer_letter.png  used on input line
 488.
(pdftex.def)             Requested size: 597.49641pt x 62.27031pt.
 [17]
LaTeX Font Info:    Try loading font information for TS1+lmtt on input line 489
.
 ("C:\Program Files\MiKTeX 2.9\tex\latex\lm\ts1lmtt.fd"
File: ts1lmtt.fd 2009/10/30 v1.6 Font defs for Latin Modern
)
Underfull \hbox (badness 10000) in paragraph at lines 489--491

 []

<images/sine.png, id=538, 602.25pt x 451.6875pt>
File: images/sine.png Graphic file (type png)
<use images/sine.png>
Package pdftex.def Info: images/sine.png  used on input line 522.
(pdftex.def)             Requested size: 169.29684pt x 126.97476pt.
<images/square.png, id=539, 602.25pt x 451.6875pt>
File: images/square.png Graphic file (type png)
<use images/square.png>
Package pdftex.def Info: images/square.png  used on input line 528.
(pdftex.def)             Requested size: 169.29684pt x 126.97476pt.
<images/greynoise.png, id=540, 602.25pt x 451.6875pt>
File: images/greynoise.png Graphic file (type png)
<use images/greynoise.png>
Package pdftex.def Info: images/greynoise.png  used on input line 536.
(pdftex.def)             Requested size: 169.29684pt x 126.97476pt.
<images/binarynoise.png, id=541, 602.25pt x 451.6875pt>
File: images/binarynoise.png Graphic file (type png)
<use images/binarynoise.png>
Package pdftex.def Info: images/binarynoise.png  used on input line 541.
(pdftex.def)             Requested size: 169.29684pt x 126.97476pt.
<images/cloud.png, id=542, 602.25pt x 451.6875pt>
File: images/cloud.png Graphic file (type png)
<use images/cloud.png>
Package pdftex.def Info: images/cloud.png  used on input line 548.
(pdftex.def)             Requested size: 169.29684pt x 126.97476pt.
<images/marble.png, id=543, 602.25pt x 451.6875pt>
File: images/marble.png Graphic file (type png)
<use images/marble.png>
Package pdftex.def Info: images/marble.png  used on input line 553.
(pdftex.def)             Requested size: 169.29684pt x 126.97476pt.
<images/wood.png, id=544, 602.25pt x 451.6875pt>
File: images/wood.png Graphic file (type png)
<use images/wood.png>
Package pdftex.def Info: images/wood.png  used on input line 560.
(pdftex.def)             Requested size: 169.29684pt x 126.97476pt.
<images/checkerboard.png, id=545, 602.25pt x 451.6875pt>
File: images/checkerboard.png Graphic file (type png)
<use images/checkerboard.png>
Package pdftex.def Info: images/checkerboard.png  used on input line 565.
(pdftex.def)             Requested size: 169.29684pt x 126.97476pt.
File: images/Femtonics_header_letter.png Graphic file (type png)
<use images/Femtonics_header_letter.png>
Package pdftex.def Info: images/Femtonics_header_letter.png  used on input line
 576.
(pdftex.def)             Requested size: 597.49641pt x 75.34056pt.
File: images/Femtonics_footer_letter.png Graphic file (type png)
<use images/Femtonics_footer_letter.png>
Package pdftex.def Info: images/Femtonics_footer_letter.png  used on input line
 576.
(pdftex.def)             Requested size: 597.49641pt x 62.27031pt.
[18]
File: images/Femtonics_header_letter.png Graphic file (type png)
<use images/Femtonics_header_letter.png>
Package pdftex.def Info: images/Femtonics_header_letter.png  used on input line
 576.
(pdftex.def)             Requested size: 597.49641pt x 75.34056pt.
File: images/Femtonics_footer_letter.png Graphic file (type png)
<use images/Femtonics_footer_letter.png>
Package pdftex.def Info: images/Femtonics_footer_letter.png  used on input line
 576.
(pdftex.def)             Requested size: 597.49641pt x 62.27031pt.
 [19 <./images/sine.png (PNG copy)> <./images/square.png (PNG copy)> <./images/
greynoise.png (PNG copy)> <./images/binarynoise.png (PNG copy)> <./images/cloud
.png (PNG copy)> <./images/marble.png (PNG copy)> <./images/wood.png (PNG copy)
> <./images/checkerboard.png (PNG copy)>]

LaTeX Warning: Citation `When specifying the parameters of a frame' undefined o
n input line 601.


LaTeX Warning: Citation `always name the arguments (as seen above).' undefined 
on input line 601.


Underfull \hbox (badness 10000) in paragraph at lines 604--606

 []


Underfull \hbox (badness 10000) in paragraph at lines 650--650
[]|\OT1/lmtt/m/n/10.95 port, on[]time,
 []

File: images/Femtonics_header_letter.png Graphic file (type png)
<use images/Femtonics_header_letter.png>
Package pdftex.def Info: images/Femtonics_header_letter.png  used on input line
 653.
(pdftex.def)             Requested size: 597.49641pt x 75.34056pt.
File: images/Femtonics_footer_letter.png Graphic file (type png)
<use images/Femtonics_footer_letter.png>
Package pdftex.def Info: images/Femtonics_footer_letter.png  used on input line
 653.
(pdftex.def)             Requested size: 597.49641pt x 62.27031pt.
[20]
Underfull \hbox (badness 10000) in paragraph at lines 675--676

 []


Underfull \hbox (badness 10000) in paragraph at lines 709--709
[]|\OT1/lmtt/m/n/10.95 vel[]rule[]type,
 []


Underfull \hbox (badness 10000) in paragraph at lines 709--709
[]|\OT1/lmtt/m/n/10.95 bin[]size,
 []


Underfull \hbox (badness 10000) in paragraph at lines 709--709
\OT1/lmtt/m/n/10.95 vel[]rule[]type,
 []


Underfull \hbox (badness 10000) in paragraph at lines 709--709
[]|\OT1/lmtt/m/n/10.95 speed[]rule[]type,
 []


Underfull \hbox (badness 10000) in paragraph at lines 709--709
[]|\OT1/lmtt/m/n/10.95 input[]id,
 []


Underfull \hbox (badness 10000) in paragraph at lines 709--711

 []

File: images/Femtonics_header_letter.png Graphic file (type png)
<use images/Femtonics_header_letter.png>
Package pdftex.def Info: images/Femtonics_header_letter.png  used on input line
 713.
(pdftex.def)             Requested size: 597.49641pt x 75.34056pt.
File: images/Femtonics_footer_letter.png Graphic file (type png)
<use images/Femtonics_footer_letter.png>
Package pdftex.def Info: images/Femtonics_footer_letter.png  used on input line
 713.
(pdftex.def)             Requested size: 597.49641pt x 62.27031pt.
[21]
Underfull \hbox (badness 10000) in paragraph at lines 723--724

 []

File: images/Femtonics_header_letter.png Graphic file (type png)
<use images/Femtonics_header_letter.png>
Package pdftex.def Info: images/Femtonics_header_letter.png  used on input line
 741.
(pdftex.def)             Requested size: 597.49641pt x 75.34056pt.
File: images/Femtonics_footer_letter.png Graphic file (type png)
<use images/Femtonics_footer_letter.png>
Package pdftex.def Info: images/Femtonics_footer_letter.png  used on input line
 741.
(pdftex.def)             Requested size: 597.49641pt x 62.27031pt.
[22]
File: images/Femtonics_header_letter.png Graphic file (type png)
<use images/Femtonics_header_letter.png>
Package pdftex.def Info: images/Femtonics_header_letter.png  used on input line
 775.
(pdftex.def)             Requested size: 597.49641pt x 75.34056pt.
File: images/Femtonics_footer_letter.png Graphic file (type png)
<use images/Femtonics_footer_letter.png>
Package pdftex.def Info: images/Femtonics_footer_letter.png  used on input line
 775.
(pdftex.def)             Requested size: 597.49641pt x 62.27031pt.
 [23]
Underfull \hbox (badness 10000) in paragraph at lines 788--789

 []

File: images/Femtonics_header_letter.png Graphic file (type png)
<use images/Femtonics_header_letter.png>
Package pdftex.def Info: images/Femtonics_header_letter.png  used on input line
 793.
(pdftex.def)             Requested size: 597.49641pt x 75.34056pt.
File: images/Femtonics_footer_letter.png Graphic file (type png)
<use images/Femtonics_footer_letter.png>
Package pdftex.def Info: images/Femtonics_footer_letter.png  used on input line
 793.
(pdftex.def)             Requested size: 597.49641pt x 62.27031pt.
[24]
Package atveryend Info: Empty hook `BeforeClearDocument' on input line 793.
Package atveryend Info: Empty hook `AfterLastShipout' on input line 793.
 ("Gramophone User Guide.aux")
Package atveryend Info: Executing hook `AtVeryEndDocument' on input line 793.
Package atveryend Info: Executing hook `AtEndAfterFileList' on input line 793.
Package rerunfilecheck Info: File `"Gramophone User Guide".out' has not changed
.
(rerunfilecheck)             Checksum: F9AB63FEA9DC60D370B86F6A4CE37358;2750.


LaTeX Warning: There were undefined references.

Package atveryend Info: Empty hook `AtVeryVeryEnd' on input line 793.
 ) 
Here is how much of TeX's memory you used:
 21417 strings out of 492973
 390803 string characters out of 3135902
 502117 words of memory out of 3000000
 24701 multiletter control sequences out of 15000+200000
 56831 words of font info for 51 fonts, out of 3000000 for 9000
 1141 hyphenation exceptions out of 8191
 55i,15n,77p,626b,1851s stack positions out of 5000i,500n,10000p,200000b,50000s
{C:/Program Files/MiKTeX 2.9/fonts/enc/dvips/lm/lm-ts1.enc}{C:/Program Files/
MiKTeX 2.9/fonts/enc/dvips/lm/lm-rm.enc}{C:/Program Files/MiKTeX 2.9/fonts/enc/
dvips/lm/lm-rmtt.enc}{C:/Program Files/MiKTeX 2.9/fonts/enc/dvips/lm/lm-mathsy.
enc}{C:/Program Files/MiKTeX 2.9/fonts/enc/dvips/lm/lm-mathit.enc}{C:/Program F
iles/MiKTeX 2.9/fonts/enc/dvips/classico/clsc_kxvyln.enc}{C:/Program Files/MiKT
eX 2.9/fonts/enc/dvips/base/8r.enc}<C:/Program Files/MiKTeX 2.9/fonts/type1/urw
/classico/URWClassico-Regular.pfb><C:/Program Files/MiKTeX 2.9/fonts/type1/publ
ic/lm/lmbx10.pfb><C:/Program Files/MiKTeX 2.9/fonts/type1/public/lm/lmbx12.pfb>
<C:/Program Files/MiKTeX 2.9/fonts/type1/public/lm/lmmi10.pfb><C:/Program Files
/MiKTeX 2.9/fonts/type1/public/lm/lmr10.pfb><C:/Program Files/MiKTeX 2.9/fonts/
type1/public/lm/lmr6.pfb><C:/Program Files/MiKTeX 2.9/fonts/type1/public/lm/lmr
8.pfb><C:/Program Files/MiKTeX 2.9/fonts/type1/public/lm/lmri10.pfb><C:/Program
 Files/MiKTeX 2.9/fonts/type1/public/lm/lmsy10.pfb><C:/Program Files/MiKTeX 2.9
/fonts/type1/public/lm/lmtt10.pfb><C:/Program Files/MiKTeX 2.9/fonts/type1/publ
ic/lm/lmtti10.pfb><C:/Program Files/MiKTeX 2.9/fonts/type1/urw/classico/uopr8a.
pfb>
Output written on "Gramophone User Guide.pdf" (25 pages, 5110652 bytes).
PDF statistics:
 712 PDF objects out of 1000 (max. 8388607)
 160 named destinations out of 1000 (max. 500000)
 528 words of extra memory for PDF output out of 10000 (max. 10000000)

