13.322086
7.775379
7.469254
6.796603
13.309144
10.366418
13.291141
11.619734
15.699684
15.578889
7.625592
12.840246
4.675642
7.906543
10.379464
7.231396
5.577518
11.246315
11.867331
6.312799
7.760145
7.358284
12.573895
14.423986
6.515729
11.158728
8.485332
7.365449
13.194552
11.256237
11.508459
6.928768
9.069701
12.117005
7.761407
17.132359
8.468077
15.177575
11.454070
6.705363
9.362503
4.797054
10.801205
5.212080
7.698034
12.696033
11.587621
7.136137
11.559198
7.693216
10.271037
6.716956
6.019061
14.793942
10.677462
9.662200
8.645235
3.409521
7.497488
7.489734
9.363418
3.634480
8.393528
10.683443
6.965110
9.296175
6.180436
10.070516
11.857582
13.379718
7.095966
3.391983
8.436499
13.964410
4.517037
11.169092
8.179704
11.417063
9.397508
14.530464
7.221569
10.648706
14.764721
10.492972
9.335652
13.078513
11.903207
12.954962
9.419459
13.805598
14.072058
10.770041
4.371198
10.907239
5.700158
11.976291
12.434305
11.716233
8.128980
11.472682
8.756939
11.626403
8.551729
14.109050
9.656044
8.971849
4.381140
5.078739
10.993088
13.276035
6.348333
14.121954
14.917970
9.817937
12.790037
10.517675
7.489478
10.298229
11.053936
10.256663
9.499853
7.190883
10.877473
6.000748
8.051349
8.469248
3.546317
9.221231
8.399082
11.113616
12.426568
8.030216
9.998548
7.427306
7.106174
12.185331
11.301721
10.502547
11.650250
7.510440
10.611152
7.394029
10.401167
10.953156
10.073999
11.110051
9.284910
15.405357
15.409556
10.472853
9.442515
6.979416
9.655886
10.075507
10.933839
7.790964
2.272957
9.076988
12.516543
10.707972
11.914008
12.187765
10.606843
12.057252
7.574640
10.009575
13.113009
13.560099
7.662448
10.948817
13.183650
6.859495
5.936062
6.197948
7.301162
6.822171
12.440634
9.673899
9.396318
9.167363
7.687335
12.421261
11.960682
15.233299
16.554301
6.610272
7.442763
10.759903
11.240554
10.885821
8.944733
6.530525
9.939413
10.397352
7.604045
13.028597
3.358964
9.401206
9.783153
7.492633
9.399518
16.674790
10.341894
11.561173
8.891242
5.664606
9.869404
6.791540
14.665577
13.076909
7.874632
8.341092
6.433316
12.950453
11.597804
9.590207
6.368273
11.059693
9.550730
9.991460
4.223511
12.410077
8.658389
10.043347
10.044693
10.093093
10.396401
11.229714
6.665348
8.808675
6.330386
9.978727
9.065950
12.051764
6.368916
12.417381
12.274361
9.627699
12.303140
9.416509
12.739371
3.947017
9.466688
10.209285
10.174639
6.037117
9.364712
7.218205
12.089762
10.767563
9.665482
10.913926
9.434725
9.747386
10.555285
12.278112
5.470983
7.239183
7.790528
8.279757
7.598023
11.862617
8.155341
9.245100
10.595538
9.930554
9.514197
10.564276
12.568210
5.578958
9.568260
15.040723
12.063434
9.013426
8.376405
8.234489
13.547114
15.649914
11.639694
12.888133
6.937629
3.977673
10.464519
7.522481
14.951392
11.730926
8.508147
14.240259
9.810715
15.274414
11.467699
9.231780
9.404541
13.915295
11.108179
16.543716
9.402447
14.632906
5.761255
6.984529
7.794081
9.151393
12.383259
8.033164
10.794482
6.986316
10.879126
14.857833
9.394941
9.926559
8.352005
7.555869
7.226788
7.315921
10.102575
13.406768
11.138955
11.526995
12.129889
10.317543
5.633918
7.909484
10.211468
3.352345
10.303957
13.915013
5.242173
12.318723
8.496042
9.702746
10.722699
5.942722
11.926849
6.284095
14.099699
7.353647
4.917372
6.978615
7.953445
7.261741
12.756283
11.030485
8.297322
7.126333
8.593100
3.384556
5.440376
10.085050
8.763924
10.286824
9.500838
16.943557
9.955996
15.833075
11.475951
7.290520
13.342386
11.727126
5.881878
7.005545
11.975928
8.789820
9.801619
13.193014
10.226031
10.742026
16.942341
16.584651
7.493416
7.246315
14.148181
17.449553
14.873182
9.049470
13.011474
14.799347
7.898861
8.254700
12.314248
5.453882
2.373691
11.687892
10.385970
11.118616
7.077680
5.754217
8.141962
6.213413
6.633635
10.708110
12.105823
7.314255
12.712864
4.373354
4.543928
3.352935
11.597710
12.549633
11.401145
9.397946
13.081510
4.879530
10.260868
7.887130
8.580354
14.001182
7.098799
12.054807
8.754017
8.402706
7.520260
9.769517
7.670021
10.187756
9.192484
4.622805
12.986854
11.094564
5.835583
13.344943
8.396282
9.445993
10.783592
12.359174
6.862658
10.350182
11.776300
18.543258
12.321323
5.620128
7.262988
11.254321
11.193370
10.760995
7.273997
12.053146
8.635729
10.837203
7.378956
5.678707
11.931278
6.933880
7.794269
8.192696
9.622440
11.319951
12.746575
8.797339
5.958238
13.046537
7.074582
13.285628
13.072851
11.698250
8.431974
5.429245
10.557673
11.378352
7.526031
10.571486
6.706731
14.124782
10.781628
14.264736
5.824972
11.675636
10.708433
15.580666
5.254998
10.134707
12.888972
7.323459
11.357126
10.262914
8.595391
9.783564
15.407441
9.782157
10.254066
5.668165
7.289371
11.113668
12.233532
8.252512
8.462947
7.842364
11.750777
12.880256
7.467912
8.463728
10.742865
8.764450
10.791896
10.224162
6.872990
13.468734
9.010017
8.281605
13.791357
8.778241
9.206058
7.445634
17.187068
8.119840
11.659896
6.436037
10.382471
9.245875
7.694508
6.385933
15.932718
7.039823
6.386101
12.842358
7.327018
6.757957
12.346336
12.549900
9.799530
8.533818
7.779197
12.653021
7.255038
11.505432
6.269815
9.000707
10.745557
11.773991
6.839957
11.729625
8.216688
4.848557
10.766418
10.837704
11.720905
12.747956
6.152804
7.071370
5.190136
9.854365
15.934382
6.820323
6.418805
9.958446
8.909328
14.312356
6.745105
8.845139
14.768303
11.382937
12.874703
7.744784
5.793086
8.047605
14.230644
7.010836
16.281194
6.581325
11.300269
11.014470
5.428680
11.668530
9.754942
11.143366
10.961953
13.819278
11.221071
11.387208
7.649290
11.903424
8.212016
8.070131
14.277651
8.184832
4.483260
8.176212
10.108748
7.975840
9.573174
12.787716
8.383931
7.654506
9.792723
7.473238
10.001529
12.590850
8.946053
11.543231
11.446083
14.534627
4.586362
10.659689
10.974048
13.399756
12.896458
10.470055
8.284829
12.768084
9.937467
10.765015
11.021884
11.617632
4.909318
4.888747
7.992954
12.203363
5.882589
6.558629
8.254843
7.341130
5.608362
13.879963
13.223693
13.729854
8.939732
8.308447
6.208953
5.490596
9.092324
11.839406
14.885111
14.353245
7.675680
8.101924
11.441191
9.851636
12.487090
8.048518
8.624704
7.793229
9.287030
15.606627
11.086082
13.318561
8.199476
12.137883
14.555683
5.685429
7.383525
12.489507
11.327323
10.016613
6.705931
9.807533
6.563984
6.446994
10.852293
7.866324
10.146639
7.473183
7.927709
12.701661
10.519420
15.418912
12.252269
11.942335
14.961206
5.222308
9.343808
13.433189
7.576749
5.719275
8.571264
5.464405
10.762444
6.135704
15.280673
10.850603
9.152769
14.261427
9.234883
17.036033
10.968665
14.261439
10.740670
9.193323
7.866798
10.051444
11.540744
12.369658
6.588506
9.010307
13.741775
12.026146
12.539078
9.690792
5.880957
9.142140
7.884910
10.667629
7.385042
11.934982
10.587081
11.023262
9.060176
9.628359
12.405778
9.088888
12.578749
13.239954
13.124836
9.213821
6.128666
11.536706
8.515928
9.822707
9.574563
6.160253
9.787468
9.953705
11.287668
12.571953
13.259421
7.884868
13.806495
5.812674
12.659561
10.710636
12.983791
6.068108
9.293611
9.773538
11.617770
9.890555
4.845388
9.600651
10.009162
8.928124
11.700647
11.345920
12.222297
12.155750
10.200003
10.874947
12.790154
16.143976
10.350064
15.745973
7.952235
10.028764
6.106046
8.571733
11.351205
6.842476
10.302785
8.147984
12.563867
14.844916
4.187291
6.385268
6.034631
5.555000
7.590150
12.675420
10.072143
7.061722
8.722283
10.092107
10.640997
10.141489
8.245557
12.811785
13.823370
5.158727
14.295678
10.663882
10.010526
11.644957
15.215383
7.681807
6.087900
0.644989
13.137064
9.291253
12.639548
10.944438
10.885909
8.509393
11.755782
5.982650
14.114204
6.633857
9.885485
9.625092
9.086395
11.340771
7.173948
5.671899
12.626198
12.905387
8.861464
6.655367
6.150846
10.148609
10.050532
7.878538
7.828853
11.170279
14.144824
14.224618
15.245939
11.997972
16.447026
7.993812
14.822048
11.304167
10.387910
8.710107
6.985084
14.801874
10.196313
12.743570
13.275765
7.458299
15.540108
10.636847
9.500506
11.462638
14.830806
5.359953
11.806238
13.896358
8.057336
9.730269
13.416540
7.573850
11.616021
10.769133
4.200748
4.757576
6.232679
10.548842
12.350882
7.372249
7.464332
12.756170
10.747975
8.826662
10.617449
9.969021
15.493392
11.854919
9.728374
12.482995
7.823157
11.193082
17.264926
3.899855
12.857185
10.217165
10.321783
11.492624
11.564829
8.924869
10.582894
7.833101
16.067341
17.097965
7.036658
14.857772
9.628841
8.108068
5.688202
14.157828
8.224293
10.322767
9.493972
7.969051
10.258521
6.541382
6.433448
7.236557
7.897279
6.638044
7.762376
12.670312
11.664348
7.459755
7.918283
8.287979
11.368971
10.471860
9.120230
13.861608
12.847986
9.572695
12.296096
9.506168
9.179813
16.407266
9.346016
11.665473
1.974789
12.894551
13.702155
0.467711
12.732376
11.803940
16.513719
5.060526
11.813079
9.301187
13.886180
5.287688
5.995655
16.559040
6.875095
13.659678
10.765886
10.429574
13.607493
8.407679
13.260974
11.565734
12.662554
9.222938
7.718707
17.250639
7.847375
10.315918
11.153123
15.221617
6.037241
9.656563
9.617099
11.192975
8.229395
9.236369
13.162744
10.804780
12.771941
7.260557
13.276502
14.005838
10.929153
8.338005
1.921057
11.681119
8.453523
20.176185
8.314514
13.251455
7.893644
10.440960
7.782386
10.342144
9.432505
8.388492
5.748914
7.276099
7.837240
10.518315
9.604792
6.627254
10.258124
7.073641
8.242168
11.786701
9.290677
7.272572
5.964798
6.939664
7.878137
10.484407
6.457255
8.936574
14.306272
7.752425
8.885998
11.028327
12.143453
12.869638
7.014986
10.029335
6.909164
5.707724
5.510734
11.424511
6.208709
10.044358
14.836356
7.812534
13.489505
15.065112
14.890967
10.341216
7.367100
7.976797
7.940280
12.085618
5.988058
8.053195
4.522205
12.258115
11.182129
6.061165
14.088274
10.186752
7.861507
6.500800
