MainProcess : root          : INFO    :  2018-09-09 17:20:25,154: Processing 40 documents using 8 processes.
Process-17  : root          : INFO    :  2018-09-09 17:20:25,161: >>>>>> Hi from process-1; processing docs 0 - 4
Process-17  : root          : INFO    :  2018-09-09 17:20:25,162: 1:  0
	and again 1:  0
Process-18  : root          : INFO    :  2018-09-09 17:20:25,163: >>>>>> Hi from process-2; processing docs 5 - 9
Process-18  : root          : INFO    :  2018-09-09 17:20:25,164: 2:  5
	and again 2:  5
Process-18  : root          : INFO    :  2018-09-09 17:20:25,165: 2:  6
	and again 2:  6
Process-19  : root          : INFO    :  2018-09-09 17:20:25,167: >>>>>> Hi from process-3; processing docs 10 - 14
Process-19  : root          : INFO    :  2018-09-09 17:20:25,169: 3: 10
	and again 3: 10
Process-20  : root          : INFO    :  2018-09-09 17:20:25,172: >>>>>> Hi from process-4; processing docs 15 - 19
Process-21  : root          : INFO    :  2018-09-09 17:20:25,172: >>>>>> Hi from process-5; processing docs 20 - 24
Process-20  : root          : INFO    :  2018-09-09 17:20:25,174: 4: 15
	and again 4: 15
Process-21  : root          : INFO    :  2018-09-09 17:20:25,176: 5: 20
	and again 5: 20
Process-23  : root          : INFO    :  2018-09-09 17:20:25,176: >>>>>> Hi from process-7; processing docs 30 - 34
Process-20  : root          : INFO    :  2018-09-09 17:20:25,177: 4: 16
	and again 4: 16
Process-22  : root          : INFO    :  2018-09-09 17:20:25,177: >>>>>> Hi from process-6; processing docs 25 - 29
Process-23  : root          : INFO    :  2018-09-09 17:20:25,178: 7: 30
	and again 7: 30
Process-22  : root          : INFO    :  2018-09-09 17:20:25,178: 6: 25
	and again 6: 25
Process-24  : root          : INFO    :  2018-09-09 17:20:25,178: >>>>>> Hi from process-8; processing docs 35 - 39
Process-22  : root          : INFO    :  2018-09-09 17:20:25,179: 6: 26
	and again 6: 26
Process-24  : root          : INFO    :  2018-09-09 17:20:25,179: 8: 35
	and again 8: 35
Process-24  : root          : INFO    :  2018-09-09 17:20:25,180: 8: 36
	and again 8: 36
Process-17  : root          : INFO    :  2018-09-09 17:20:25,263: 1:  1
	and again 1:  1
Process-17  : root          : INFO    :  2018-09-09 17:20:25,264: 1:  2
	and again 1:  2
Process-19  : root          : INFO    :  2018-09-09 17:20:25,270: 3: 11
	and again 3: 11
Process-19  : root          : INFO    :  2018-09-09 17:20:25,271: 3: 12
	and again 3: 12
Process-21  : root          : INFO    :  2018-09-09 17:20:25,278: 5: 21
	and again 5: 21
Process-21  : root          : INFO    :  2018-09-09 17:20:25,278: 5: 22
	and again 5: 22
Process-23  : root          : INFO    :  2018-09-09 17:20:25,280: 7: 31
	and again 7: 31
Process-23  : root          : INFO    :  2018-09-09 17:20:25,280: 7: 32
	and again 7: 32
Process-17  : root          : INFO    :  2018-09-09 17:20:25,365: 1:  3
	and again 1:  3
Process-17  : root          : INFO    :  2018-09-09 17:20:25,365: 1:  4
	and again 1:  4
Process-18  : root          : INFO    :  2018-09-09 17:20:25,366: 2:  7
	and again 2:  7
Process-18  : root          : INFO    :  2018-09-09 17:20:25,367: 2:  8
	and again 2:  8
Process-19  : root          : INFO    :  2018-09-09 17:20:25,373: 3: 13
	and again 3: 13
Process-19  : root          : INFO    :  2018-09-09 17:20:25,373: 3: 14
	and again 3: 14
Process-20  : root          : INFO    :  2018-09-09 17:20:25,379: 4: 17
	and again 4: 17
Process-20  : root          : INFO    :  2018-09-09 17:20:25,379: 4: 18
	and again 4: 18
Process-21  : root          : INFO    :  2018-09-09 17:20:25,379: 5: 23
	and again 5: 23
Process-21  : root          : INFO    :  2018-09-09 17:20:25,380: 5: 24
	and again 5: 24
Process-22  : root          : INFO    :  2018-09-09 17:20:25,380: 6: 27
	and again 6: 27
Process-23  : root          : INFO    :  2018-09-09 17:20:25,380: 7: 33
	and again 7: 33
Process-22  : root          : INFO    :  2018-09-09 17:20:25,381: 6: 28
	and again 6: 28
Process-23  : root          : INFO    :  2018-09-09 17:20:25,381: 7: 34
	and again 7: 34
Process-24  : root          : INFO    :  2018-09-09 17:20:25,381: 8: 37
	and again 8: 37
Process-24  : root          : INFO    :  2018-09-09 17:20:25,382: 8: 38
	and again 8: 38
Process-17  : root          : INFO    :  2018-09-09 17:20:25,467: >>>>>> Bye from process-1
Process-19  : root          : INFO    :  2018-09-09 17:20:25,475: >>>>>> Bye from process-3
Process-21  : root          : INFO    :  2018-09-09 17:20:25,480: >>>>>> Bye from process-5
Process-23  : root          : INFO    :  2018-09-09 17:20:25,482: >>>>>> Bye from process-7
Process-18  : root          : INFO    :  2018-09-09 17:20:25,568: 2:  9
	and again 2:  9
Process-18  : root          : INFO    :  2018-09-09 17:20:25,569: >>>>>> Bye from process-2
Process-20  : root          : INFO    :  2018-09-09 17:20:25,580: 4: 19
	and again 4: 19
Process-20  : root          : INFO    :  2018-09-09 17:20:25,580: >>>>>> Bye from process-4
Process-22  : root          : INFO    :  2018-09-09 17:20:25,582: 6: 29
	and again 6: 29
Process-24  : root          : INFO    :  2018-09-09 17:20:25,583: 8: 39
	and again 8: 39
Process-22  : root          : INFO    :  2018-09-09 17:20:25,583: >>>>>> Bye from process-6
Process-24  : root          : INFO    :  2018-09-09 17:20:25,583: >>>>>> Bye from process-8
MainProcess : root          : INFO    :  2018-09-09 17:20:25,587: NUM_DOCS_TOTAL: 40, len(total_results): 40
MainProcess : root          : INFO    :  2018-09-09 17:20:25,587: [(1, 0), (1, 1), (1, 2), (1, 3), (1, 4), (3, 10), (3, 11), (3, 12), (3, 13), (3, 14), (5, 20), (5, 21), (5, 22), (5, 23), (5, 24), (7, 30), (7, 31), (7, 32), (7, 33), (7, 34), (2, 5), (2, 6), (2, 7), (2, 8), (2, 9), (4, 15), (4, 16), (4, 17), (4, 18), (4, 19), (6, 25), (6, 26), (6, 27), (6, 28), (6, 29), (8, 35), (8, 36), (8, 37), (8, 38), (8, 39)]
