MainProcess: 2018-08-30 17:46:03,051: root                : INFO    : lat, lon = 0, 0
MainProcess: 2018-08-30 17:46:03,078: root                : INFO    : lat, lon = 0, 1
MainProcess: 2018-08-30 17:46:03,079: root                : INFO    : lat, lon = 0, 2
MainProcess: 2018-08-30 17:46:03,080: root                : INFO    : lat, lon = 0, 3
MainProcess: 2018-08-30 17:46:03,080: root                : INFO    : lat, lon = 0, 4
MainProcess: 2018-08-30 17:46:03,080: root                : INFO    : lat, lon = 1, 0
MainProcess: 2018-08-30 17:46:03,081: root                : INFO    : lat, lon = 1, 1
MainProcess: 2018-08-30 17:46:03,081: root                : INFO    : lat, lon = 1, 2
MainProcess: 2018-08-30 17:46:03,081: root                : INFO    : lat, lon = 1, 3
MainProcess: 2018-08-30 17:46:03,082: root                : INFO    : lat, lon = 1, 4
MainProcess: 2018-08-30 17:46:03,082: root                : INFO    : lat, lon = 2, 0
MainProcess: 2018-08-30 17:46:03,082: root                : INFO    : lat, lon = 2, 1
MainProcess: 2018-08-30 17:46:03,083: root                : INFO    : lat, lon = 2, 2
MainProcess: 2018-08-30 17:46:03,083: root                : INFO    : lat, lon = 2, 3
MainProcess: 2018-08-30 17:46:03,083: root                : INFO    : lat, lon = 2, 4
MainProcess: 2018-08-30 17:46:03,083: root                : INFO    : lat, lon = 3, 0
MainProcess: 2018-08-30 17:46:03,084: root                : INFO    : lat, lon = 3, 1
MainProcess: 2018-08-30 17:46:03,084: root                : INFO    : lat, lon = 3, 2
MainProcess: 2018-08-30 17:46:03,084: root                : INFO    : lat, lon = 3, 3
MainProcess: 2018-08-30 17:46:03,084: root                : INFO    : lat, lon = 3, 4
MainProcess: 2018-08-30 17:46:03,085: root                : INFO    : lat, lon = 4, 0
MainProcess: 2018-08-30 17:46:03,085: root                : INFO    : lat, lon = 4, 1
MainProcess: 2018-08-30 17:46:03,085: root                : INFO    : lat, lon = 4, 2
MainProcess: 2018-08-30 17:46:03,085: root                : INFO    : lat, lon = 4, 3
MainProcess: 2018-08-30 17:46:03,085: root                : INFO    : lat, lon = 4, 4
ForkPoolWorker-33: 2018-08-30 17:46:03,180: root                : INFO    : processing lat, lon = 0, 0
	              0, 0
ForkPoolWorker-35: 2018-08-30 17:46:03,181: root                : INFO    : processing lat, lon = 0, 2
	              0, 2
ForkPoolWorker-34: 2018-08-30 17:46:03,181: root                : INFO    : processing lat, lon = 0, 1
	              0, 1
ForkPoolWorker-37: 2018-08-30 17:46:03,183: root                : INFO    : processing lat, lon = 0, 4
	              0, 4
ForkPoolWorker-36: 2018-08-30 17:46:03,183: root                : INFO    : processing lat, lon = 0, 3
	              0, 3
ForkPoolWorker-39: 2018-08-30 17:46:03,183: root                : INFO    : processing lat, lon = 1, 1
	              1, 1
ForkPoolWorker-38: 2018-08-30 17:46:03,183: root                : INFO    : processing lat, lon = 1, 0
	              1, 0
ForkPoolWorker-40: 2018-08-30 17:46:03,184: root                : INFO    : processing lat, lon = 1, 2
	              1, 2
ForkPoolWorker-33: 2018-08-30 17:46:03,284: root                : INFO    : processing lat, lon = 1, 3
	              1, 3
ForkPoolWorker-35: 2018-08-30 17:46:03,285: root                : INFO    : processing lat, lon = 1, 4
	              1, 4
ForkPoolWorker-34: 2018-08-30 17:46:03,285: root                : INFO    : processing lat, lon = 2, 0
	              2, 0
ForkPoolWorker-36: 2018-08-30 17:46:03,285: root                : INFO    : processing lat, lon = 2, 2
	              2, 2
ForkPoolWorker-37: 2018-08-30 17:46:03,285: root                : INFO    : processing lat, lon = 2, 1
	              2, 1
ForkPoolWorker-39: 2018-08-30 17:46:03,285: root                : INFO    : processing lat, lon = 2, 3
	              2, 3
ForkPoolWorker-38: 2018-08-30 17:46:03,287: root                : INFO    : processing lat, lon = 2, 4
	              2, 4
ForkPoolWorker-40: 2018-08-30 17:46:03,287: root                : INFO    : processing lat, lon = 3, 0
	              3, 0
ForkPoolWorker-35: 2018-08-30 17:46:03,386: root                : INFO    : processing lat, lon = 3, 2
	              3, 2
ForkPoolWorker-33: 2018-08-30 17:46:03,386: root                : INFO    : processing lat, lon = 3, 1
	              3, 1
ForkPoolWorker-37: 2018-08-30 17:46:03,387: root                : INFO    : processing lat, lon = 4, 0
	              4, 0
ForkPoolWorker-36: 2018-08-30 17:46:03,387: root                : INFO    : processing lat, lon = 3, 4
	              3, 4
ForkPoolWorker-34: 2018-08-30 17:46:03,387: root                : INFO    : processing lat, lon = 3, 3
	              3, 3
ForkPoolWorker-39: 2018-08-30 17:46:03,387: root                : INFO    : processing lat, lon = 4, 1
	              4, 1
ForkPoolWorker-40: 2018-08-30 17:46:03,389: root                : INFO    : processing lat, lon = 4, 3
	              4, 3
ForkPoolWorker-38: 2018-08-30 17:46:03,389: root                : INFO    : processing lat, lon = 4, 2
	              4, 2
ForkPoolWorker-35: 2018-08-30 17:46:03,487: root                : INFO    : processing lat, lon = 4, 4
	              4, 4
MainProcess: 2018-08-30 17:46:03,489: root                : DEBUG   : {0: {0: 0.8444218515250481, 1: 0.7579544029403025, 2: 0.420571580830845, 3: 0.25891675029296335, 4: 0.5112747213686085}, 1: {0: 0.7579544029403025, 1: 0.420571580830845, 2: 0.25891675029296335, 3: 0.5112747213686085, 4: 0.4049341374504143}, 2: {0: 0.420571580830845, 1: 0.25891675029296335, 2: 0.5112747213686085, 3: 0.4049341374504143, 4: 0.7837985890347726}, 3: {0: 0.25891675029296335, 1: 0.5112747213686085, 2: 0.4049341374504143, 3: 0.7837985890347726, 4: 0.30331272607892745}, 4: {0: 0.5112747213686085, 1: 0.4049341374504143, 2: 0.7837985890347726, 3: 0.30331272607892745, 4: 0.4765969541523558}}
MainProcess: 2018-08-30 17:46:03,489: root                : DEBUG   : 0.4720280170440674
ForkPoolWorker-36: 2018-08-30 17:46:03,593: root                : INFO    : processing lat, lon = 0, 2
	              0, 2
ForkPoolWorker-37: 2018-08-30 17:46:03,593: root                : INFO    : processing lat, lon = 0, 1
	              0, 1
ForkPoolWorker-33: 2018-08-30 17:46:03,593: root                : INFO    : processing lat, lon = 0, 0
	              0, 0
ForkPoolWorker-34: 2018-08-30 17:46:03,593: root                : INFO    : processing lat, lon = 0, 3
	              0, 3
ForkPoolWorker-40: 2018-08-30 17:46:03,594: root                : INFO    : processing lat, lon = 1, 0
	              1, 0
ForkPoolWorker-39: 2018-08-30 17:46:03,594: root                : INFO    : processing lat, lon = 0, 4
	              0, 4
ForkPoolWorker-38: 2018-08-30 17:46:03,594: root                : INFO    : processing lat, lon = 1, 1
	              1, 1
ForkPoolWorker-35: 2018-08-30 17:46:03,594: root                : INFO    : processing lat, lon = 1, 2
	              1, 2
ForkPoolWorker-37: 2018-08-30 17:46:03,695: root                : INFO    : processing lat, lon = 1, 4
	              1, 4
ForkPoolWorker-36: 2018-08-30 17:46:03,695: root                : INFO    : processing lat, lon = 1, 3
	              1, 3
ForkPoolWorker-33: 2018-08-30 17:46:03,696: root                : INFO    : processing lat, lon = 2, 0
	              2, 0
ForkPoolWorker-40: 2018-08-30 17:46:03,696: root                : INFO    : processing lat, lon = 2, 2
	              2, 2
ForkPoolWorker-34: 2018-08-30 17:46:03,696: root                : INFO    : processing lat, lon = 2, 1
	              2, 1
ForkPoolWorker-39: 2018-08-30 17:46:03,697: root                : INFO    : processing lat, lon = 2, 3
	              2, 3
ForkPoolWorker-35: 2018-08-30 17:46:03,697: root                : INFO    : processing lat, lon = 3, 0
	              3, 0
ForkPoolWorker-38: 2018-08-30 17:46:03,697: root                : INFO    : processing lat, lon = 2, 4
	              2, 4
ForkPoolWorker-37: 2018-08-30 17:46:03,796: root                : INFO    : processing lat, lon = 3, 1
	              3, 1
ForkPoolWorker-36: 2018-08-30 17:46:03,797: root                : INFO    : processing lat, lon = 3, 2
	              3, 2
ForkPoolWorker-33: 2018-08-30 17:46:03,797: root                : INFO    : processing lat, lon = 3, 3
	              3, 3
ForkPoolWorker-40: 2018-08-30 17:46:03,798: root                : INFO    : processing lat, lon = 3, 4
	              3, 4
ForkPoolWorker-35: 2018-08-30 17:46:03,798: root                : INFO    : processing lat, lon = 4, 2
	              4, 2
ForkPoolWorker-34: 2018-08-30 17:46:03,798: root                : INFO    : processing lat, lon = 4, 0
	              4, 0
ForkPoolWorker-38: 2018-08-30 17:46:03,798: root                : INFO    : processing lat, lon = 4, 3
	              4, 3
ForkPoolWorker-39: 2018-08-30 17:46:03,798: root                : INFO    : processing lat, lon = 4, 1
	              4, 1
ForkPoolWorker-37: 2018-08-30 17:46:03,897: root                : INFO    : processing lat, lon = 4, 4
	              4, 4
