examples.child_logger_main              : INFO    :  2018-09-09 17:20:24,001: Starting up... 
examples.child_logger_main              : DEBUG   :  2018-09-09 17:20:24,001: Doing something boring with 0
examples.child_logger_main.sub_noprop   : DEBUG   :  2018-09-09 17:20:24,001: Doing something boring with 0
examples.child_logger_main.sub_prop     : DEBUG   :  2018-09-09 17:20:24,001: Doing something boring with 0
examples.child_logger_main              : INFO    :  2018-09-09 17:20:24,001: Doing something special with 0
examples.child_logger_main.sub_noprop   : INFO    :  2018-09-09 17:20:24,002: Doing something SPECIAL with 0
examples.child_logger_main.sub_prop     : INFO    :  2018-09-09 17:20:24,002: Doing something SPECIAL with 0
examples.child_logger_main              : DEBUG   :  2018-09-09 17:20:24,002: Doing something boring with 1
examples.child_logger_main.sub_noprop   : DEBUG   :  2018-09-09 17:20:24,002: Doing something boring with 1
examples.child_logger_main.sub_prop     : DEBUG   :  2018-09-09 17:20:24,002: Doing something boring with 1
examples.child_logger_main              : INFO    :  2018-09-09 17:20:24,002: Doing something special with 1
examples.child_logger_main.sub_noprop   : INFO    :  2018-09-09 17:20:24,002: Doing something SPECIAL with 1
examples.child_logger_main.sub_prop     : INFO    :  2018-09-09 17:20:24,002: Doing something SPECIAL with 1
examples.child_logger_main              : DEBUG   :  2018-09-09 17:20:24,003: Doing something boring with 2
examples.child_logger_main.sub_noprop   : DEBUG   :  2018-09-09 17:20:24,003: Doing something boring with 2
examples.child_logger_main.sub_prop     : DEBUG   :  2018-09-09 17:20:24,003: Doing something boring with 2
examples.child_logger_main              : INFO    :  2018-09-09 17:20:24,003: Doing something special with 2
examples.child_logger_main.sub_noprop   : INFO    :  2018-09-09 17:20:24,003: Doing something SPECIAL with 2
examples.child_logger_main.sub_prop     : INFO    :  2018-09-09 17:20:24,003: Doing something SPECIAL with 2
examples.child_logger_main              : INFO    :  2018-09-09 17:20:24,003: ... shutting down.
